# JRE version: Java(TM) SE Runtime Environment (8.0_25-b18) (build 1.8.0_25-b18)
# Java VM: Java HotSpot(TM) 64-Bit Server VM (25.25-b02 mixed mode windows-amd64 compressed oops)
Heap:
 PSYoungGen      total 247296K, used 131683K [0x00000000f0000000, 0x00000000fff00000, 0x0000000100000000)
  eden space 233472K, 52% used [0x00000000f0000000,0x00000000f76b30f0,0x00000000fe400000)
  from space 13824K, 73% used [0x00000000ff180000,0x00000000ffb65ee8,0x00000000fff00000)
  to   space 13824K, 0% used [0x00000000fe400000,0x00000000fe400000,0x00000000ff180000)
 ParOldGen       total 207360K, used 193791K [0x00000000d0000000, 0x00000000dca80000, 0x00000000f0000000)
  object space 207360K, 93% used [0x00000000d0000000,0x00000000dbd3fe18,0x00000000dca80000)
 Metaspace       used 119487K, capacity 123534K, committed 123852K, reserved 1161216K
  class space    used 11119K, capacity 12312K, committed 12492K, reserved 1048576K
GC Heap History (10 events):
Event: 9643.284 GC heap before
{Heap before GC invocations=209 (full 5):
 PSYoungGen      total 209920K, used 201763K [0x00000000f0000000, 0x00000000fe000000, 0x0000000100000000)
  eden space 194560K, 100% used [0x00000000f0000000,0x00000000fbe00000,0x00000000fbe00000)
  from space 15360K, 46% used [0x00000000fbe00000,0x00000000fc508e10,0x00000000fcd00000)
  to   space 15360K, 0% used [0x00000000fd100000,0x00000000fd100000,0x00000000fe000000)
 ParOldGen       total 207360K, used 191795K [0x00000000d0000000, 0x00000000dca80000, 0x00000000f0000000)
  object space 207360K, 92% used [0x00000000d0000000,0x00000000dbb4cd88,0x00000000dca80000)
 Metaspace       used 117698K, capacity 121376K, committed 121804K, reserved 1159168K
  class space    used 10962K, capacity 12086K, committed 12236K, reserved 1048576K
Event: 9643.303 GC heap after
Heap after GC invocations=209 (full 5):
 PSYoungGen      total 211968K, used 10319K [0x00000000f0000000, 0x00000000fde80000, 0x0000000100000000)
  eden space 198144K, 0% used [0x00000000f0000000,0x00000000f0000000,0x00000000fc180000)
  from space 13824K, 74% used [0x00000000fd100000,0x00000000fdb13ed8,0x00000000fde80000)
  to   space 14848K, 0% used [0x00000000fc180000,0x00000000fc180000,0x00000000fd000000)
 ParOldGen       total 207360K, used 191875K [0x00000000d0000000, 0x00000000dca80000, 0x00000000f0000000)
  object space 207360K, 92% used [0x00000000d0000000,0x00000000dbb60d88,0x00000000dca80000)
 Metaspace       used 117698K, capacity 121376K, committed 121804K, reserved 1159168K
  class space    used 10962K, capacity 12086K, committed 12236K, reserved 1048576K
}
Event: 9984.119 GC heap before
{Heap before GC invocations=210 (full 5):
 PSYoungGen      total 211968K, used 208463K [0x00000000f0000000, 0x00000000fde80000, 0x0000000100000000)
  eden space 198144K, 100% used [0x00000000f0000000,0x00000000fc180000,0x00000000fc180000)
  from space 13824K, 74% used [0x00000000fd100000,0x00000000fdb13ed8,0x00000000fde80000)
  to   space 14848K, 0% used [0x00000000fc180000,0x00000000fc180000,0x00000000fd000000)
 ParOldGen       total 207360K, used 191875K [0x00000000d0000000, 0x00000000dca80000, 0x00000000f0000000)
  object space 207360K, 92% used [0x00000000d0000000,0x00000000dbb60d88,0x00000000dca80000)
 Metaspace       used 117974K, capacity 121578K, committed 122060K, reserved 1159168K
  class space    used 10972K, capacity 12088K, committed 12236K, reserved 1048576K
Event: 9984.138 GC heap after
Heap after GC invocations=210 (full 5):
 PSYoungGen      total 212992K, used 8496K [0x00000000f0000000, 0x00000000fe180000, 0x0000000100000000)
  eden space 198144K, 0% used [0x00000000f0000000,0x00000000f0000000,0x00000000fc180000)
  from space 14848K, 57% used [0x00000000fc180000,0x00000000fc9cc278,0x00000000fd000000)
  to   space 14848K, 0% used [0x00000000fd300000,0x00000000fd300000,0x00000000fe180000)
 ParOldGen       total 207360K, used 191947K [0x00000000d0000000, 0x00000000dca80000, 0x00000000f0000000)
  object space 207360K, 92% used [0x00000000d0000000,0x00000000dbb72d88,0x00000000dca80000)
 Metaspace       used 117974K, capacity 121578K, committed 122060K, reserved 1159168K
  class space    used 10972K, capacity 12088K, committed 12236K, reserved 1048576K
}
Event: 9985.986 GC heap before
{Heap before GC invocations=211 (full 5):
 PSYoungGen      total 212992K, used 206640K [0x00000000f0000000, 0x00000000fe180000, 0x0000000100000000)
  eden space 198144K, 100% used [0x00000000f0000000,0x00000000fc180000,0x00000000fc180000)
  from space 14848K, 57% used [0x00000000fc180000,0x00000000fc9cc278,0x00000000fd000000)
  to   space 14848K, 0% used [0x00000000fd300000,0x00000000fd300000,0x00000000fe180000)
 ParOldGen       total 207360K, used 191950K [0x00000000d0000000, 0x00000000dca80000, 0x00000000f0000000)
  object space 207360K, 92% used [0x00000000d0000000,0x00000000dbb73a98,0x00000000dca80000)
 Metaspace       used 118011K, capacity 121650K, committed 122060K, reserved 1159168K
  class space    used 10973K, capacity 12088K, committed 12236K, reserved 1048576K
Event: 9986.006 GC heap after
Heap after GC invocations=211 (full 5):
 PSYoungGen      total 216576K, used 9146K [0x00000000f0000000, 0x00000000fe200000, 0x0000000100000000)
  eden space 201728K, 0% used [0x00000000f0000000,0x00000000f0000000,0x00000000fc500000)
  from space 14848K, 61% used [0x00000000fd300000,0x00000000fdbee950,0x00000000fe180000)
  to   space 14336K, 0% used [0x00000000fc500000,0x00000000fc500000,0x00000000fd300000)
 ParOldGen       total 207360K, used 192062K [0x00000000d0000000, 0x00000000dca80000, 0x00000000f0000000)
  object space 207360K, 92% used [0x00000000d0000000,0x00000000dbb8fa98,0x00000000dca80000)
 Metaspace       used 118011K, capacity 121650K, committed 122060K, reserved 1159168K
  class space    used 10973K, capacity 12088K, committed 12236K, reserved 1048576K
}
Event: 9986.007 GC heap before
{Heap before GC invocations=212 (full 5):
 PSYoungGen      total 216576K, used 9148K [0x00000000f0000000, 0x00000000fe200000, 0x0000000100000000)
  eden space 201728K, 0% used [0x00000000f0000000,0x00000000f0000858,0x00000000fc500000)
  from space 14848K, 61% used [0x00000000fd300000,0x00000000fdbee950,0x00000000fe180000)
  to   space 14336K, 0% used [0x00000000fc500000,0x00000000fc500000,0x00000000fd300000)
 ParOldGen       total 207360K, used 192062K [0x00000000d0000000, 0x00000000dca80000, 0x00000000f0000000)
  object space 207360K, 92% used [0x00000000d0000000,0x00000000dbb8fa98,0x00000000dca80000)
 Metaspace       used 118011K, capacity 121650K, committed 122060K, reserved 1159168K
  class space    used 10973K, capacity 12088K, committed 12236K, reserved 1048576K
Event: 9986.019 GC heap after
Heap after GC invocations=212 (full 5):
 PSYoungGen      total 216064K, used 8403K [0x00000000f0000000, 0x00000000fff80000, 0x0000000100000000)
  eden space 201728K, 0% used [0x00000000f0000000,0x00000000f0000000,0x00000000fc500000)
  from space 14336K, 58% used [0x00000000fc500000,0x00000000fcd34c60,0x00000000fd300000)
  to   space 14336K, 0% used [0x00000000ff180000,0x00000000ff180000,0x00000000fff80000)
 ParOldGen       total 207360K, used 192775K [0x00000000d0000000, 0x00000000dca80000, 0x00000000f0000000)
  object space 207360K, 92% used [0x00000000d0000000,0x00000000dbc41d98,0x00000000dca80000)
 Metaspace       used 118011K, capacity 121650K, committed 122060K, reserved 1159168K
  class space    used 10973K, capacity 12088K, committed 12236K, reserved 1048576K
}
Event: 9990.297 GC heap before
{Heap before GC invocations=213 (full 5):
 PSYoungGen      total 216064K, used 210131K [0x00000000f0000000, 0x00000000fff80000, 0x0000000100000000)
  eden space 201728K, 100% used [0x00000000f0000000,0x00000000fc500000,0x00000000fc500000)
  from space 14336K, 58% used [0x00000000fc500000,0x00000000fcd34c60,0x00000000fd300000)
  to   space 14336K, 0% used [0x00000000ff180000,0x00000000ff180000,0x00000000fff80000)
 ParOldGen       total 207360K, used 192775K [0x00000000d0000000, 0x00000000dca80000, 0x00000000f0000000)
  object space 207360K, 92% used [0x00000000d0000000,0x00000000dbc41d98,0x00000000dca80000)
 Metaspace       used 118218K, capacity 121842K, committed 122316K, reserved 1159168K
  class space    used 10983K, capacity 12088K, committed 12236K, reserved 1048576K
Event: 9990.334 GC heap after
Heap after GC invocations=213 (full 5):
 PSYoungGen      total 247296K, used 10135K [0x00000000f0000000, 0x00000000fff00000, 0x0000000100000000)
  eden space 233472K, 0% used [0x00000000f0000000,0x00000000f0000000,0x00000000fe400000)
  from space 13824K, 73% used [0x00000000ff180000,0x00000000ffb65ee8,0x00000000fff00000)
  to   space 13824K, 0% used [0x00000000fe400000,0x00000000fe400000,0x00000000ff180000)
 ParOldGen       total 207360K, used 193791K [0x00000000d0000000, 0x00000000dca80000, 0x00000000f0000000)
  object space 207360K, 93% used [0x00000000d0000000,0x00000000dbd3fe18,0x00000000dca80000)
 Metaspace       used 118218K, capacity 121842K, committed 122316K, reserved 1159168K
  class space    used 10983K, capacity 12088K, committed 12236K, reserved 1048576K
}

