# JRE version: Java(TM) SE Runtime Environment (8.0_25-b18) (build 1.8.0_25-b18)
# Java VM: Java HotSpot(TM) 64-Bit Server VM (25.25-b02 mixed mode windows-amd64 compressed oops)
Heap:
 PSYoungGen      total 223744K, used 171832K [0x00000000f0000000, 0x00000000fff00000, 0x0000000100000000)
  eden space 186368K, 80% used [0x00000000f0000000,0x00000000f9326958,0x00000000fb600000)
  from space 37376K, 56% used [0x00000000fda80000,0x00000000fef27700,0x00000000fff00000)
  to   space 37376K, 0% used [0x00000000fb600000,0x00000000fb600000,0x00000000fda80000)
 ParOldGen       total 176640K, used 119209K [0x00000000d0000000, 0x00000000dac80000, 0x00000000f0000000)
  object space 176640K, 67% used [0x00000000d0000000,0x00000000d746a4c0,0x00000000dac80000)
 Metaspace       used 80702K, capacity 83572K, committed 83660K, reserved 1122304K
  class space    used 9238K, capacity 10123K, committed 10188K, reserved 1048576K
GC Heap History (10 events):
Event: 144.536 GC heap before
{Heap before GC invocations=48 (full 4):
 PSYoungGen      total 214016K, used 178376K [0x00000000f0000000, 0x0000000100000000, 0x0000000100000000)
  eden space 169984K, 100% used [0x00000000f0000000,0x00000000fa600000,0x00000000fa600000)
  from space 44032K, 19% used [0x00000000fa600000,0x00000000fae32128,0x00000000fd100000)
  to   space 43520K, 0% used [0x00000000fd580000,0x00000000fd580000,0x0000000100000000)
 ParOldGen       total 176640K, used 119177K [0x00000000d0000000, 0x00000000dac80000, 0x00000000f0000000)
  object space 176640K, 67% used [0x00000000d0000000,0x00000000d74624c0,0x00000000dac80000)
 Metaspace       used 74905K, capacity 77038K, committed 77388K, reserved 1118208K
  class space    used 8524K, capacity 9180K, committed 9292K, reserved 1048576K
Event: 144.575 GC heap after
Heap after GC invocations=48 (full 4):
 PSYoungGen      total 213504K, used 11963K [0x00000000f0000000, 0x00000000ffb80000, 0x0000000100000000)
  eden space 174592K, 0% used [0x00000000f0000000,0x00000000f0000000,0x00000000faa80000)
  from space 38912K, 30% used [0x00000000fd580000,0x00000000fe12ee90,0x00000000ffb80000)
  to   space 41472K, 0% used [0x00000000faa80000,0x00000000faa80000,0x00000000fd300000)
 ParOldGen       total 176640K, used 119177K [0x00000000d0000000, 0x00000000dac80000, 0x00000000f0000000)
  object space 176640K, 67% used [0x00000000d0000000,0x00000000d74624c0,0x00000000dac80000)
 Metaspace       used 74905K, capacity 77038K, committed 77388K, reserved 1118208K
  class space    used 8524K, capacity 9180K, committed 9292K, reserved 1048576K
}
Event: 145.287 GC heap before
{Heap before GC invocations=49 (full 4):
 PSYoungGen      total 213504K, used 186555K [0x00000000f0000000, 0x00000000ffb80000, 0x0000000100000000)
  eden space 174592K, 100% used [0x00000000f0000000,0x00000000faa80000,0x00000000faa80000)
  from space 38912K, 30% used [0x00000000fd580000,0x00000000fe12ee90,0x00000000ffb80000)
  to   space 41472K, 0% used [0x00000000faa80000,0x00000000faa80000,0x00000000fd300000)
 ParOldGen       total 176640K, used 119177K [0x00000000d0000000, 0x00000000dac80000, 0x00000000f0000000)
  object space 176640K, 67% used [0x00000000d0000000,0x00000000d74624c0,0x00000000dac80000)
 Metaspace       used 75777K, capacity 78032K, committed 78284K, reserved 1118208K
  class space    used 8632K, capacity 9350K, committed 9420K, reserved 1048576K
Event: 145.317 GC heap after
Heap after GC invocations=49 (full 4):
 PSYoungGen      total 216064K, used 14346K [0x00000000f0000000, 0x00000000ffe80000, 0x0000000100000000)
  eden space 174592K, 0% used [0x00000000f0000000,0x00000000f0000000,0x00000000faa80000)
  from space 41472K, 34% used [0x00000000faa80000,0x00000000fb882810,0x00000000fd300000)
  to   space 39424K, 0% used [0x00000000fd800000,0x00000000fd800000,0x00000000ffe80000)
 ParOldGen       total 176640K, used 119185K [0x00000000d0000000, 0x00000000dac80000, 0x00000000f0000000)
  object space 176640K, 67% used [0x00000000d0000000,0x00000000d74644c0,0x00000000dac80000)
 Metaspace       used 75777K, capacity 78032K, committed 78284K, reserved 1118208K
  class space    used 8632K, capacity 9350K, committed 9420K, reserved 1048576K
}
Event: 151.769 GC heap before
{Heap before GC invocations=50 (full 4):
 PSYoungGen      total 216064K, used 188938K [0x00000000f0000000, 0x00000000ffe80000, 0x0000000100000000)
  eden space 174592K, 100% used [0x00000000f0000000,0x00000000faa80000,0x00000000faa80000)
  from space 41472K, 34% used [0x00000000faa80000,0x00000000fb882810,0x00000000fd300000)
  to   space 39424K, 0% used [0x00000000fd800000,0x00000000fd800000,0x00000000ffe80000)
 ParOldGen       total 176640K, used 119185K [0x00000000d0000000, 0x00000000dac80000, 0x00000000f0000000)
  object space 176640K, 67% used [0x00000000d0000000,0x00000000d74644c0,0x00000000dac80000)
 Metaspace       used 76894K, capacity 79210K, committed 79436K, reserved 1120256K
  class space    used 8789K, capacity 9495K, committed 9548K, reserved 1048576K
Event: 151.829 GC heap after
Heap after GC invocations=50 (full 4):
 PSYoungGen      total 216064K, used 17168K [0x00000000f0000000, 0x00000000ffa00000, 0x0000000100000000)
  eden space 181248K, 0% used [0x00000000f0000000,0x00000000f0000000,0x00000000fb100000)
  from space 34816K, 49% used [0x00000000fd800000,0x00000000fe8c4238,0x00000000ffa00000)
  to   space 37376K, 0% used [0x00000000fb100000,0x00000000fb100000,0x00000000fd580000)
 ParOldGen       total 176640K, used 119193K [0x00000000d0000000, 0x00000000dac80000, 0x00000000f0000000)
  object space 176640K, 67% used [0x00000000d0000000,0x00000000d74664c0,0x00000000dac80000)
 Metaspace       used 76894K, capacity 79210K, committed 79436K, reserved 1120256K
  class space    used 8789K, capacity 9495K, committed 9548K, reserved 1048576K
}
Event: 177.365 GC heap before
{Heap before GC invocations=51 (full 4):
 PSYoungGen      total 216064K, used 198416K [0x00000000f0000000, 0x00000000ffa00000, 0x0000000100000000)
  eden space 181248K, 100% used [0x00000000f0000000,0x00000000fb100000,0x00000000fb100000)
  from space 34816K, 49% used [0x00000000fd800000,0x00000000fe8c4238,0x00000000ffa00000)
  to   space 37376K, 0% used [0x00000000fb100000,0x00000000fb100000,0x00000000fd580000)
 ParOldGen       total 176640K, used 119193K [0x00000000d0000000, 0x00000000dac80000, 0x00000000f0000000)
  object space 176640K, 67% used [0x00000000d0000000,0x00000000d74664c0,0x00000000dac80000)
 Metaspace       used 78603K, capacity 81036K, committed 81228K, reserved 1120256K
  class space    used 9016K, capacity 9768K, committed 9804K, reserved 1048576K
Event: 177.432 GC heap after
Heap after GC invocations=51 (full 4):
 PSYoungGen      total 218624K, used 23944K [0x00000000f0000000, 0x0000000100000000, 0x0000000100000000)
  eden space 181248K, 0% used [0x00000000f0000000,0x00000000f0000000,0x00000000fb100000)
  from space 37376K, 64% used [0x00000000fb100000,0x00000000fc862130,0x00000000fd580000)
  to   space 38400K, 0% used [0x00000000fda80000,0x00000000fda80000,0x0000000100000000)
 ParOldGen       total 176640K, used 119201K [0x00000000d0000000, 0x00000000dac80000, 0x00000000f0000000)
  object space 176640K, 67% used [0x00000000d0000000,0x00000000d74684c0,0x00000000dac80000)
 Metaspace       used 78603K, capacity 81036K, committed 81228K, reserved 1120256K
  class space    used 9016K, capacity 9768K, committed 9804K, reserved 1048576K
}
Event: 179.776 GC heap before
{Heap before GC invocations=52 (full 4):
 PSYoungGen      total 218624K, used 205192K [0x00000000f0000000, 0x0000000100000000, 0x0000000100000000)
  eden space 181248K, 100% used [0x00000000f0000000,0x00000000fb100000,0x00000000fb100000)
  from space 37376K, 64% used [0x00000000fb100000,0x00000000fc862130,0x00000000fd580000)
  to   space 38400K, 0% used [0x00000000fda80000,0x00000000fda80000,0x0000000100000000)
 ParOldGen       total 176640K, used 119201K [0x00000000d0000000, 0x00000000dac80000, 0x00000000f0000000)
  object space 176640K, 67% used [0x00000000d0000000,0x00000000d74684c0,0x00000000dac80000)
 Metaspace       used 78743K, capacity 81202K, committed 81356K, reserved 1120256K
  class space    used 9040K, capacity 9811K, committed 9932K, reserved 1048576K
Event: 179.939 GC heap after
Heap after GC invocations=52 (full 4):
 PSYoungGen      total 223744K, used 21149K [0x00000000f0000000, 0x00000000fff00000, 0x0000000100000000)
  eden space 186368K, 0% used [0x00000000f0000000,0x00000000f0000000,0x00000000fb600000)
  from space 37376K, 56% used [0x00000000fda80000,0x00000000fef27700,0x00000000fff00000)
  to   space 37376K, 0% used [0x00000000fb600000,0x00000000fb600000,0x00000000fda80000)
 ParOldGen       total 176640K, used 119209K [0x00000000d0000000, 0x00000000dac80000, 0x00000000f0000000)
  object space 176640K, 67% used [0x00000000d0000000,0x00000000d746a4c0,0x00000000dac80000)
 Metaspace       used 78743K, capacity 81202K, committed 81356K, reserved 1120256K
  class space    used 9040K, capacity 9811K, committed 9932K, reserved 1048576K
}

