# JRE version: Java(TM) SE Runtime Environment (8.0_25-b18) (build 1.8.0_25-b18)
# Java VM: Java HotSpot(TM) 64-Bit Server VM (25.25-b02 mixed mode windows-amd64 compressed oops)
Heap:
 PSYoungGen      total 205824K, used 105755K [0x00000000f0000000, 0x00000000fe800000, 0x0000000100000000)
  eden space 179200K, 52% used [0x00000000f0000000,0x00000000f5b8cf98,0x00000000faf00000)
  from space 26624K, 45% used [0x00000000fce00000,0x00000000fd9b9cb0,0x00000000fe800000)
  to   space 29184K, 0% used [0x00000000faf00000,0x00000000faf00000,0x00000000fcb80000)
 ParOldGen       total 208896K, used 146326K [0x00000000d0000000, 0x00000000dcc00000, 0x00000000f0000000)
  object space 208896K, 70% used [0x00000000d0000000,0x00000000d8ee5958,0x00000000dcc00000)
 Metaspace       used 83656K, capacity 86730K, committed 86872K, reserved 1126400K
  class space    used 9116K, capacity 9993K, committed 10112K, reserved 1048576K
GC Heap History (10 events):
Event: 2540.527 GC heap before
{Heap before GC invocations=73 (full 5):
 PSYoungGen      total 190464K, used 168596K [0x00000000f0000000, 0x00000000fe500000, 0x0000000100000000)
  eden space 156160K, 100% used [0x00000000f0000000,0x00000000f9880000,0x00000000f9880000)
  from space 34304K, 36% used [0x00000000f9880000,0x00000000fa4a5098,0x00000000fba00000)
  to   space 33280K, 0% used [0x00000000fc480000,0x00000000fc480000,0x00000000fe500000)
 ParOldGen       total 208896K, used 144686K [0x00000000d0000000, 0x00000000dcc00000, 0x00000000f0000000)
  object space 208896K, 69% used [0x00000000d0000000,0x00000000d8d4b838,0x00000000dcc00000)
 Metaspace       used 80296K, capacity 82916K, committed 83160K, reserved 1122304K
  class space    used 8859K, capacity 9623K, committed 9728K, reserved 1048576K
Event: 2540.554 GC heap after
Heap after GC invocations=73 (full 5):
 PSYoungGen      total 196096K, used 12845K [0x00000000f0000000, 0x00000000fe180000, 0x0000000100000000)
  eden space 166400K, 0% used [0x00000000f0000000,0x00000000f0000000,0x00000000fa280000)
  from space 29696K, 43% used [0x00000000fc480000,0x00000000fd10b568,0x00000000fe180000)
  to   space 32256K, 0% used [0x00000000fa280000,0x00000000fa280000,0x00000000fc200000)
 ParOldGen       total 208896K, used 145014K [0x00000000d0000000, 0x00000000dcc00000, 0x00000000f0000000)
  object space 208896K, 69% used [0x00000000d0000000,0x00000000d8d9d878,0x00000000dcc00000)
 Metaspace       used 80296K, capacity 82916K, committed 83160K, reserved 1122304K
  class space    used 8859K, capacity 9623K, committed 9728K, reserved 1048576K
}
Event: 2577.168 GC heap before
{Heap before GC invocations=74 (full 5):
 PSYoungGen      total 196096K, used 179245K [0x00000000f0000000, 0x00000000fe180000, 0x0000000100000000)
  eden space 166400K, 100% used [0x00000000f0000000,0x00000000fa280000,0x00000000fa280000)
  from space 29696K, 43% used [0x00000000fc480000,0x00000000fd10b568,0x00000000fe180000)
  to   space 32256K, 0% used [0x00000000fa280000,0x00000000fa280000,0x00000000fc200000)
 ParOldGen       total 208896K, used 145014K [0x00000000d0000000, 0x00000000dcc00000, 0x00000000f0000000)
  object space 208896K, 69% used [0x00000000d0000000,0x00000000d8d9d878,0x00000000dcc00000)
 Metaspace       used 80833K, capacity 83432K, committed 83672K, reserved 1124352K
  class space    used 8888K, capacity 9663K, committed 9728K, reserved 1048576K
Event: 2577.185 GC heap after
Heap after GC invocations=74 (full 5):
 PSYoungGen      total 198656K, used 11490K [0x00000000f0000000, 0x00000000fe900000, 0x0000000100000000)
  eden space 166400K, 0% used [0x00000000f0000000,0x00000000f0000000,0x00000000fa280000)
  from space 32256K, 35% used [0x00000000fa280000,0x00000000fadb8ae0,0x00000000fc200000)
  to   space 31744K, 0% used [0x00000000fca00000,0x00000000fca00000,0x00000000fe900000)
 ParOldGen       total 208896K, used 145334K [0x00000000d0000000, 0x00000000dcc00000, 0x00000000f0000000)
  object space 208896K, 69% used [0x00000000d0000000,0x00000000d8ded8b8,0x00000000dcc00000)
 Metaspace       used 80833K, capacity 83432K, committed 83672K, reserved 1124352K
  class space    used 8888K, capacity 9663K, committed 9728K, reserved 1048576K
}
Event: 2831.734 GC heap before
{Heap before GC invocations=75 (full 5):
 PSYoungGen      total 198656K, used 177890K [0x00000000f0000000, 0x00000000fe900000, 0x0000000100000000)
  eden space 166400K, 100% used [0x00000000f0000000,0x00000000fa280000,0x00000000fa280000)
  from space 32256K, 35% used [0x00000000fa280000,0x00000000fadb8ae0,0x00000000fc200000)
  to   space 31744K, 0% used [0x00000000fca00000,0x00000000fca00000,0x00000000fe900000)
 ParOldGen       total 208896K, used 145334K [0x00000000d0000000, 0x00000000dcc00000, 0x00000000f0000000)
  object space 208896K, 69% used [0x00000000d0000000,0x00000000d8ded8b8,0x00000000dcc00000)
 Metaspace       used 81662K, capacity 84346K, committed 84568K, reserved 1124352K
  class space    used 8935K, capacity 9733K, committed 9856K, reserved 1048576K
Event: 2831.762 GC heap after
Heap after GC invocations=75 (full 5):
 PSYoungGen      total 201728K, used 10094K [0x00000000f0000000, 0x00000000fe580000, 0x0000000100000000)
  eden space 173568K, 0% used [0x00000000f0000000,0x00000000f0000000,0x00000000fa980000)
  from space 28160K, 35% used [0x00000000fca00000,0x00000000fd3dbbd8,0x00000000fe580000)
  to   space 30720K, 0% used [0x00000000fa980000,0x00000000fa980000,0x00000000fc780000)
 ParOldGen       total 208896K, used 145806K [0x00000000d0000000, 0x00000000dcc00000, 0x00000000f0000000)
  object space 208896K, 69% used [0x00000000d0000000,0x00000000d8e63908,0x00000000dcc00000)
 Metaspace       used 81662K, capacity 84346K, committed 84568K, reserved 1124352K
  class space    used 8935K, capacity 9733K, committed 9856K, reserved 1048576K
}
Event: 2834.406 GC heap before
{Heap before GC invocations=76 (full 5):
 PSYoungGen      total 201728K, used 183662K [0x00000000f0000000, 0x00000000fe580000, 0x0000000100000000)
  eden space 173568K, 100% used [0x00000000f0000000,0x00000000fa980000,0x00000000fa980000)
  from space 28160K, 35% used [0x00000000fca00000,0x00000000fd3dbbd8,0x00000000fe580000)
  to   space 30720K, 0% used [0x00000000fa980000,0x00000000fa980000,0x00000000fc780000)
 ParOldGen       total 208896K, used 145806K [0x00000000d0000000, 0x00000000dcc00000, 0x00000000f0000000)
  object space 208896K, 69% used [0x00000000d0000000,0x00000000d8e63908,0x00000000dcc00000)
 Metaspace       used 81887K, capacity 84538K, committed 84824K, reserved 1124352K
  class space    used 8946K, capacity 9733K, committed 9856K, reserved 1048576K
Event: 2834.433 GC heap after
Heap after GC invocations=76 (full 5):
 PSYoungGen      total 204288K, used 10803K [0x00000000f0000000, 0x00000000feb80000, 0x0000000100000000)
  eden space 173568K, 0% used [0x00000000f0000000,0x00000000f0000000,0x00000000fa980000)
  from space 30720K, 35% used [0x00000000fa980000,0x00000000fb40cf48,0x00000000fc780000)
  to   space 30208K, 0% used [0x00000000fce00000,0x00000000fce00000,0x00000000feb80000)
 ParOldGen       total 208896K, used 146150K [0x00000000d0000000, 0x00000000dcc00000, 0x00000000f0000000)
  object space 208896K, 69% used [0x00000000d0000000,0x00000000d8eb9948,0x00000000dcc00000)
 Metaspace       used 81887K, capacity 84538K, committed 84824K, reserved 1124352K
  class space    used 8946K, capacity 9733K, committed 9856K, reserved 1048576K
}
Event: 2999.211 GC heap before
{Heap before GC invocations=77 (full 5):
 PSYoungGen      total 204288K, used 184371K [0x00000000f0000000, 0x00000000feb80000, 0x0000000100000000)
  eden space 173568K, 100% used [0x00000000f0000000,0x00000000fa980000,0x00000000fa980000)
  from space 30720K, 35% used [0x00000000fa980000,0x00000000fb40cf48,0x00000000fc780000)
  to   space 30208K, 0% used [0x00000000fce00000,0x00000000fce00000,0x00000000feb80000)
 ParOldGen       total 208896K, used 146150K [0x00000000d0000000, 0x00000000dcc00000, 0x00000000f0000000)
  object space 208896K, 69% used [0x00000000d0000000,0x00000000d8eb9948,0x00000000dcc00000)
 Metaspace       used 82425K, capacity 85214K, committed 85336K, reserved 1124352K
  class space    used 8990K, capacity 9786K, committed 9856K, reserved 1048576K
Event: 2999.332 GC heap after
Heap after GC invocations=77 (full 5):
 PSYoungGen      total 205824K, used 12007K [0x00000000f0000000, 0x00000000fe800000, 0x0000000100000000)
  eden space 179200K, 0% used [0x00000000f0000000,0x00000000f0000000,0x00000000faf00000)
  from space 26624K, 45% used [0x00000000fce00000,0x00000000fd9b9cb0,0x00000000fe800000)
  to   space 29184K, 0% used [0x00000000faf00000,0x00000000faf00000,0x00000000fcb80000)
 ParOldGen       total 208896K, used 146326K [0x00000000d0000000, 0x00000000dcc00000, 0x00000000f0000000)
  object space 208896K, 70% used [0x00000000d0000000,0x00000000d8ee5958,0x00000000dcc00000)
 Metaspace       used 82425K, capacity 85214K, committed 85336K, reserved 1124352K
  class space    used 8990K, capacity 9786K, committed 9856K, reserved 1048576K
}

