# JRE version: Java(TM) SE Runtime Environment (8.0_25-b18) (build 1.8.0_25-b18)
# Java VM: Java HotSpot(TM) 64-Bit Server VM (25.25-b02 mixed mode windows-amd64 compressed oops)
Heap:
 PSYoungGen      total 218624K, used 96650K [0x00000000f0000000, 0x00000000ffb80000, 0x0000000100000000)
  eden space 181760K, 40% used [0x00000000f0000000,0x00000000f4863e98,0x00000000fb180000)
  from space 36864K, 61% used [0x00000000fd780000,0x00000000fed7eac0,0x00000000ffb80000)
  to   space 37888K, 0% used [0x00000000fb180000,0x00000000fb180000,0x00000000fd680000)
 ParOldGen       total 184320K, used 123639K [0x00000000d0000000, 0x00000000db400000, 0x00000000f0000000)
  object space 184320K, 67% used [0x00000000d0000000,0x00000000d78bdc98,0x00000000db400000)
 Metaspace       used 83517K, capacity 86798K, committed 86988K, reserved 1126400K
  class space    used 9410K, capacity 10365K, committed 10444K, reserved 1048576K
GC Heap History (10 events):
Event: 200.706 GC heap before
{Heap before GC invocations=62 (full 4):
 PSYoungGen      total 218112K, used 202640K [0x00000000f0000000, 0x0000000100000000, 0x0000000100000000)
  eden space 175616K, 100% used [0x00000000f0000000,0x00000000fab80000,0x00000000fab80000)
  from space 42496K, 63% used [0x00000000fab80000,0x00000000fc5e42b0,0x00000000fd500000)
  to   space 43008K, 0% used [0x00000000fd600000,0x00000000fd600000,0x0000000100000000)
 ParOldGen       total 184320K, used 119220K [0x00000000d0000000, 0x00000000db400000, 0x00000000f0000000)
  object space 184320K, 64% used [0x00000000d0000000,0x00000000d746d3d0,0x00000000db400000)
 Metaspace       used 81018K, capacity 83752K, committed 84044K, reserved 1124352K
  class space    used 9209K, capacity 10015K, committed 10060K, reserved 1048576K
Event: 200.741 GC heap after
Heap after GC invocations=62 (full 4):
 PSYoungGen      total 218112K, used 24644K [0x00000000f0000000, 0x00000000ffe80000, 0x0000000100000000)
  eden space 176640K, 0% used [0x00000000f0000000,0x00000000f0000000,0x00000000fac80000)
  from space 41472K, 59% used [0x00000000fd600000,0x00000000fee11018,0x00000000ffe80000)
  to   space 41984K, 0% used [0x00000000fac80000,0x00000000fac80000,0x00000000fd580000)
 ParOldGen       total 184320K, used 119228K [0x00000000d0000000, 0x00000000db400000, 0x00000000f0000000)
  object space 184320K, 64% used [0x00000000d0000000,0x00000000d746f3d0,0x00000000db400000)
 Metaspace       used 81018K, capacity 83752K, committed 84044K, reserved 1124352K
  class space    used 9209K, capacity 10015K, committed 10060K, reserved 1048576K
}
Event: 223.680 GC heap before
{Heap before GC invocations=63 (full 4):
 PSYoungGen      total 218112K, used 201284K [0x00000000f0000000, 0x00000000ffe80000, 0x0000000100000000)
  eden space 176640K, 100% used [0x00000000f0000000,0x00000000fac80000,0x00000000fac80000)
  from space 41472K, 59% used [0x00000000fd600000,0x00000000fee11018,0x00000000ffe80000)
  to   space 41984K, 0% used [0x00000000fac80000,0x00000000fac80000,0x00000000fd580000)
 ParOldGen       total 184320K, used 119228K [0x00000000d0000000, 0x00000000db400000, 0x00000000f0000000)
  object space 184320K, 64% used [0x00000000d0000000,0x00000000d746f3d0,0x00000000db400000)
 Metaspace       used 81484K, capacity 84328K, committed 84428K, reserved 1124352K
  class space    used 9246K, capacity 10088K, committed 10188K, reserved 1048576K
Event: 223.751 GC heap after
Heap after GC invocations=63 (full 4):
 PSYoungGen      total 218624K, used 27086K [0x00000000f0000000, 0x0000000100000000, 0x0000000100000000)
  eden space 176640K, 0% used [0x00000000f0000000,0x00000000f0000000,0x00000000fac80000)
  from space 41984K, 64% used [0x00000000fac80000,0x00000000fc6f38f0,0x00000000fd580000)
  to   space 41984K, 0% used [0x00000000fd700000,0x00000000fd700000,0x0000000100000000)
 ParOldGen       total 184320K, used 119753K [0x00000000d0000000, 0x00000000db400000, 0x00000000f0000000)
  object space 184320K, 64% used [0x00000000d0000000,0x00000000d74f24d8,0x00000000db400000)
 Metaspace       used 81484K, capacity 84328K, committed 84428K, reserved 1124352K
  class space    used 9246K, capacity 10088K, committed 10188K, reserved 1048576K
}
Event: 228.457 GC heap before
{Heap before GC invocations=64 (full 4):
 PSYoungGen      total 218624K, used 194263K [0x00000000f0000000, 0x0000000100000000, 0x0000000100000000)
  eden space 176640K, 94% used [0x00000000f0000000,0x00000000fa3423b8,0x00000000fac80000)
  from space 41984K, 64% used [0x00000000fac80000,0x00000000fc6f38f0,0x00000000fd580000)
  to   space 41984K, 0% used [0x00000000fd700000,0x00000000fd700000,0x0000000100000000)
 ParOldGen       total 184320K, used 119753K [0x00000000d0000000, 0x00000000db400000, 0x00000000f0000000)
  object space 184320K, 64% used [0x00000000d0000000,0x00000000d74f24d8,0x00000000db400000)
 Metaspace       used 82061K, capacity 84978K, committed 85196K, reserved 1124352K
  class space    used 9280K, capacity 10111K, committed 10188K, reserved 1048576K
Event: 228.499 GC heap after
Heap after GC invocations=64 (full 4):
 PSYoungGen      total 218112K, used 24109K [0x00000000f0000000, 0x00000000ffe00000, 0x0000000100000000)
  eden space 178176K, 0% used [0x00000000f0000000,0x00000000f0000000,0x00000000fae00000)
  from space 39936K, 60% used [0x00000000fd700000,0x00000000fee8b420,0x00000000ffe00000)
  to   space 40960K, 0% used [0x00000000fae00000,0x00000000fae00000,0x00000000fd600000)
 ParOldGen       total 184320K, used 121399K [0x00000000d0000000, 0x00000000db400000, 0x00000000f0000000)
  object space 184320K, 65% used [0x00000000d0000000,0x00000000d768dc08,0x00000000db400000)
 Metaspace       used 82061K, capacity 84978K, committed 85196K, reserved 1124352K
  class space    used 9280K, capacity 10111K, committed 10188K, reserved 1048576K
}
Event: 502.700 GC heap before
{Heap before GC invocations=65 (full 4):
 PSYoungGen      total 218112K, used 202285K [0x00000000f0000000, 0x00000000ffe00000, 0x0000000100000000)
  eden space 178176K, 100% used [0x00000000f0000000,0x00000000fae00000,0x00000000fae00000)
  from space 39936K, 60% used [0x00000000fd700000,0x00000000fee8b420,0x00000000ffe00000)
  to   space 40960K, 0% used [0x00000000fae00000,0x00000000fae00000,0x00000000fd600000)
 ParOldGen       total 184320K, used 121399K [0x00000000d0000000, 0x00000000db400000, 0x00000000f0000000)
  object space 184320K, 65% used [0x00000000d0000000,0x00000000d768dc08,0x00000000db400000)
 Metaspace       used 82288K, capacity 85160K, committed 85452K, reserved 1124352K
  class space    used 9290K, capacity 10122K, committed 10188K, reserved 1048576K
Event: 502.741 GC heap after
Heap after GC invocations=65 (full 4):
 PSYoungGen      total 219136K, used 24073K [0x00000000f0000000, 0x00000000ffe00000, 0x0000000100000000)
  eden space 178176K, 0% used [0x00000000f0000000,0x00000000f0000000,0x00000000fae00000)
  from space 40960K, 58% used [0x00000000fae00000,0x00000000fc5825c0,0x00000000fd600000)
  to   space 39424K, 0% used [0x00000000fd780000,0x00000000fd780000,0x00000000ffe00000)
 ParOldGen       total 184320K, used 122911K [0x00000000d0000000, 0x00000000db400000, 0x00000000f0000000)
  object space 184320K, 66% used [0x00000000d0000000,0x00000000d7807c88,0x00000000db400000)
 Metaspace       used 82288K, capacity 85160K, committed 85452K, reserved 1124352K
  class space    used 9290K, capacity 10122K, committed 10188K, reserved 1048576K
}
Event: 504.458 GC heap before
{Heap before GC invocations=66 (full 4):
 PSYoungGen      total 219136K, used 202249K [0x00000000f0000000, 0x00000000ffe00000, 0x0000000100000000)
  eden space 178176K, 100% used [0x00000000f0000000,0x00000000fae00000,0x00000000fae00000)
  from space 40960K, 58% used [0x00000000fae00000,0x00000000fc5825c0,0x00000000fd600000)
  to   space 39424K, 0% used [0x00000000fd780000,0x00000000fd780000,0x00000000ffe00000)
 ParOldGen       total 184320K, used 122911K [0x00000000d0000000, 0x00000000db400000, 0x00000000f0000000)
  object space 184320K, 66% used [0x00000000d0000000,0x00000000d7807c88,0x00000000db400000)
 Metaspace       used 82645K, capacity 85602K, committed 85708K, reserved 1124352K
  class space    used 9311K, capacity 10169K, committed 10188K, reserved 1048576K
Event: 504.502 GC heap after
Heap after GC invocations=66 (full 4):
 PSYoungGen      total 218624K, used 22522K [0x00000000f0000000, 0x00000000ffb80000, 0x0000000100000000)
  eden space 181760K, 0% used [0x00000000f0000000,0x00000000f0000000,0x00000000fb180000)
  from space 36864K, 61% used [0x00000000fd780000,0x00000000fed7eac0,0x00000000ffb80000)
  to   space 37888K, 0% used [0x00000000fb180000,0x00000000fb180000,0x00000000fd680000)
 ParOldGen       total 184320K, used 123639K [0x00000000d0000000, 0x00000000db400000, 0x00000000f0000000)
  object space 184320K, 67% used [0x00000000d0000000,0x00000000d78bdc98,0x00000000db400000)
 Metaspace       used 82645K, capacity 85602K, committed 85708K, reserved 1124352K
  class space    used 9311K, capacity 10169K, committed 10188K, reserved 1048576K
}

