# JRE version: Java(TM) SE Runtime Environment (8.0_25-b18) (build 1.8.0_25-b18)
# Java VM: Java HotSpot(TM) 64-Bit Server VM (25.25-b02 mixed mode windows-amd64 compressed oops)
Heap:
 PSYoungGen      total 213504K, used 130171K [0x00000000f0000000, 0x00000000ffc00000, 0x0000000100000000)
  eden space 171008K, 61% used [0x00000000f0000000,0x00000000f670ab40,0x00000000fa700000)
  from space 42496K, 58% used [0x00000000fa700000,0x00000000fbf14160,0x00000000fd080000)
  to   space 40960K, 0% used [0x00000000fd400000,0x00000000fd400000,0x00000000ffc00000)
 ParOldGen       total 186368K, used 120486K [0x00000000d0000000, 0x00000000db600000, 0x00000000f0000000)
  object space 186368K, 64% used [0x00000000d0000000,0x00000000d75a98d0,0x00000000db600000)
 Metaspace       used 81139K, capacity 84069K, committed 84300K, reserved 1124352K
  class space    used 9210K, capacity 10045K, committed 10060K, reserved 1048576K
GC Heap History (10 events):
Event: 181.244 GC heap before
{Heap before GC invocations=57 (full 4):
 PSYoungGen      total 212480K, used 196848K [0x00000000f0000000, 0x00000000fff00000, 0x0000000100000000)
  eden space 167936K, 99% used [0x00000000f0000000,0x00000000fa3ff820,0x00000000fa400000)
  from space 44544K, 64% used [0x00000000fd080000,0x00000000fecbc8c0,0x00000000ffc00000)
  to   space 45568K, 0% used [0x00000000fa400000,0x00000000fa400000,0x00000000fd080000)
 ParOldGen       total 186368K, used 112954K [0x00000000d0000000, 0x00000000db600000, 0x00000000f0000000)
  object space 186368K, 60% used [0x00000000d0000000,0x00000000d6e4e9e0,0x00000000db600000)
 Metaspace       used 78791K, capacity 81279K, committed 81484K, reserved 1120256K
  class space    used 9023K, capacity 9759K, committed 9804K, reserved 1048576K
Event: 181.308 GC heap after
Heap after GC invocations=57 (full 4):
 PSYoungGen      total 213504K, used 29852K [0x00000000f0000000, 0x0000000100000000, 0x0000000100000000)
  eden space 167936K, 0% used [0x00000000f0000000,0x00000000f0000000,0x00000000fa400000)
  from space 45568K, 65% used [0x00000000fa400000,0x00000000fc127320,0x00000000fd080000)
  to   space 46080K, 0% used [0x00000000fd300000,0x00000000fd300000,0x0000000100000000)
 ParOldGen       total 186368K, used 113130K [0x00000000d0000000, 0x00000000db600000, 0x00000000f0000000)
  object space 186368K, 60% used [0x00000000d0000000,0x00000000d6e7a9f0,0x00000000db600000)
 Metaspace       used 78791K, capacity 81279K, committed 81484K, reserved 1120256K
  class space    used 9023K, capacity 9759K, committed 9804K, reserved 1048576K
}
Event: 196.911 GC heap before
{Heap before GC invocations=58 (full 4):
 PSYoungGen      total 213504K, used 197788K [0x00000000f0000000, 0x0000000100000000, 0x0000000100000000)
  eden space 167936K, 100% used [0x00000000f0000000,0x00000000fa400000,0x00000000fa400000)
  from space 45568K, 65% used [0x00000000fa400000,0x00000000fc127320,0x00000000fd080000)
  to   space 46080K, 0% used [0x00000000fd300000,0x00000000fd300000,0x0000000100000000)
 ParOldGen       total 186368K, used 113130K [0x00000000d0000000, 0x00000000db600000, 0x00000000f0000000)
  object space 186368K, 60% used [0x00000000d0000000,0x00000000d6e7a9f0,0x00000000db600000)
 Metaspace       used 79468K, capacity 81981K, committed 82124K, reserved 1122304K
  class space    used 9059K, capacity 9836K, committed 9932K, reserved 1048576K
Event: 196.975 GC heap after
Heap after GC invocations=58 (full 4):
 PSYoungGen      total 216064K, used 27635K [0x00000000f0000000, 0x0000000100000000, 0x0000000100000000)
  eden space 169984K, 0% used [0x00000000f0000000,0x00000000f0000000,0x00000000fa600000)
  from space 46080K, 59% used [0x00000000fd300000,0x00000000fedfccb0,0x0000000100000000)
  to   space 46080K, 0% used [0x00000000fa600000,0x00000000fa600000,0x00000000fd300000)
 ParOldGen       total 186368K, used 118023K [0x00000000d0000000, 0x00000000db600000, 0x00000000f0000000)
  object space 186368K, 63% used [0x00000000d0000000,0x00000000d7341da0,0x00000000db600000)
 Metaspace       used 79468K, capacity 81981K, committed 82124K, reserved 1122304K
  class space    used 9059K, capacity 9836K, committed 9932K, reserved 1048576K
}
Event: 199.385 GC heap before
{Heap before GC invocations=59 (full 4):
 PSYoungGen      total 216064K, used 197619K [0x00000000f0000000, 0x0000000100000000, 0x0000000100000000)
  eden space 169984K, 100% used [0x00000000f0000000,0x00000000fa600000,0x00000000fa600000)
  from space 46080K, 59% used [0x00000000fd300000,0x00000000fedfccb0,0x0000000100000000)
  to   space 46080K, 0% used [0x00000000fa600000,0x00000000fa600000,0x00000000fd300000)
 ParOldGen       total 186368K, used 118023K [0x00000000d0000000, 0x00000000db600000, 0x00000000f0000000)
  object space 186368K, 63% used [0x00000000d0000000,0x00000000d7341da0,0x00000000db600000)
 Metaspace       used 79845K, capacity 82389K, committed 82636K, reserved 1122304K
  class space    used 9075K, capacity 9840K, committed 9932K, reserved 1048576K
Event: 199.428 GC heap after
Heap after GC invocations=59 (full 4):
 PSYoungGen      total 193024K, used 22585K [0x00000000f0000000, 0x00000000ffb00000, 0x0000000100000000)
  eden space 169984K, 0% used [0x00000000f0000000,0x00000000f0000000,0x00000000fa600000)
  from space 23040K, 98% used [0x00000000fa600000,0x00000000fbc0e660,0x00000000fbc80000)
  to   space 43520K, 0% used [0x00000000fd080000,0x00000000fd080000,0x00000000ffb00000)
 ParOldGen       total 186368K, used 120038K [0x00000000d0000000, 0x00000000db600000, 0x00000000f0000000)
  object space 186368K, 64% used [0x00000000d0000000,0x00000000d75398d0,0x00000000db600000)
 Metaspace       used 79845K, capacity 82389K, committed 82636K, reserved 1122304K
  class space    used 9075K, capacity 9840K, committed 9932K, reserved 1048576K
}
Event: 206.803 GC heap before
{Heap before GC invocations=60 (full 4):
 PSYoungGen      total 193024K, used 192569K [0x00000000f0000000, 0x00000000ffb00000, 0x0000000100000000)
  eden space 169984K, 100% used [0x00000000f0000000,0x00000000fa600000,0x00000000fa600000)
  from space 23040K, 98% used [0x00000000fa600000,0x00000000fbc0e660,0x00000000fbc80000)
  to   space 43520K, 0% used [0x00000000fd080000,0x00000000fd080000,0x00000000ffb00000)
 ParOldGen       total 186368K, used 120038K [0x00000000d0000000, 0x00000000db600000, 0x00000000f0000000)
  object space 186368K, 64% used [0x00000000d0000000,0x00000000d75398d0,0x00000000db600000)
 Metaspace       used 79873K, capacity 82401K, committed 82636K, reserved 1122304K
  class space    used 9077K, capacity 9842K, committed 9932K, reserved 1048576K
Event: 206.846 GC heap after
Heap after GC invocations=60 (full 4):
 PSYoungGen      total 214528K, used 24816K [0x00000000f0000000, 0x00000000fff80000, 0x0000000100000000)
  eden space 171008K, 0% used [0x00000000f0000000,0x00000000f0000000,0x00000000fa700000)
  from space 43520K, 57% used [0x00000000fd080000,0x00000000fe8bc068,0x00000000ffb00000)
  to   space 42496K, 0% used [0x00000000fa700000,0x00000000fa700000,0x00000000fd080000)
 ParOldGen       total 186368K, used 120454K [0x00000000d0000000, 0x00000000db600000, 0x00000000f0000000)
  object space 186368K, 64% used [0x00000000d0000000,0x00000000d75a18d0,0x00000000db600000)
 Metaspace       used 79873K, capacity 82401K, committed 82636K, reserved 1122304K
  class space    used 9077K, capacity 9842K, committed 9932K, reserved 1048576K
}
Event: 249.648 GC heap before
{Heap before GC invocations=61 (full 4):
 PSYoungGen      total 214528K, used 195824K [0x00000000f0000000, 0x00000000fff80000, 0x0000000100000000)
  eden space 171008K, 100% used [0x00000000f0000000,0x00000000fa700000,0x00000000fa700000)
  from space 43520K, 57% used [0x00000000fd080000,0x00000000fe8bc068,0x00000000ffb00000)
  to   space 42496K, 0% used [0x00000000fa700000,0x00000000fa700000,0x00000000fd080000)
 ParOldGen       total 186368K, used 120454K [0x00000000d0000000, 0x00000000db600000, 0x00000000f0000000)
  object space 186368K, 64% used [0x00000000d0000000,0x00000000d75a18d0,0x00000000db600000)
 Metaspace       used 80183K, capacity 82725K, committed 82892K, reserved 1122304K
  class space    used 9090K, capacity 9880K, committed 9932K, reserved 1048576K
Event: 249.690 GC heap after
Heap after GC invocations=61 (full 4):
 PSYoungGen      total 213504K, used 24656K [0x00000000f0000000, 0x00000000ffc00000, 0x0000000100000000)
  eden space 171008K, 0% used [0x00000000f0000000,0x00000000f0000000,0x00000000fa700000)
  from space 42496K, 58% used [0x00000000fa700000,0x00000000fbf14160,0x00000000fd080000)
  to   space 40960K, 0% used [0x00000000fd400000,0x00000000fd400000,0x00000000ffc00000)
 ParOldGen       total 186368K, used 120486K [0x00000000d0000000, 0x00000000db600000, 0x00000000f0000000)
  object space 186368K, 64% used [0x00000000d0000000,0x00000000d75a98d0,0x00000000db600000)
 Metaspace       used 80183K, capacity 82725K, committed 82892K, reserved 1122304K
  class space    used 9090K, capacity 9880K, committed 9932K, reserved 1048576K
}

