# JRE version: Java(TM) SE Runtime Environment (8.0_25-b18) (build 1.8.0_25-b18)
# Java VM: Java HotSpot(TM) 64-Bit Server VM (25.25-b02 mixed mode windows-amd64 compressed oops)
Heap:
 PSYoungGen      total 238080K, used 134387K [0x00000000f0000000, 0x00000000ffe80000, 0x0000000100000000)
  eden space 217600K, 58% used [0x00000000f0000000,0x00000000f7bf63e0,0x00000000fd480000)
  from space 20480K, 36% used [0x00000000fea80000,0x00000000ff1c69d0,0x00000000ffe80000)
  to   space 21504K, 0% used [0x00000000fd480000,0x00000000fd480000,0x00000000fe980000)
 ParOldGen       total 190976K, used 147475K [0x00000000d0000000, 0x00000000dba80000, 0x00000000f0000000)
  object space 190976K, 77% used [0x00000000d0000000,0x00000000d9004e80,0x00000000dba80000)
 Metaspace       used 89819K, capacity 93454K, committed 93696K, reserved 1132544K
  class space    used 9753K, capacity 10743K, committed 10752K, reserved 1048576K
GC Heap History (10 events):
Event: 1014.080 GC heap before
{Heap before GC invocations=84 (full 4):
 PSYoungGen      total 231936K, used 213927K [0x00000000f0000000, 0x0000000100000000, 0x0000000100000000)
  eden space 205824K, 100% used [0x00000000f0000000,0x00000000fc900000,0x00000000fc900000)
  from space 26112K, 31% used [0x00000000fc900000,0x00000000fd0e9de0,0x00000000fe280000)
  to   space 25088K, 0% used [0x00000000fe780000,0x00000000fe780000,0x0000000100000000)
 ParOldGen       total 190976K, used 145829K [0x00000000d0000000, 0x00000000dba80000, 0x00000000f0000000)
  object space 190976K, 76% used [0x00000000d0000000,0x00000000d8e69438,0x00000000dba80000)
 Metaspace       used 87678K, capacity 90980K, committed 91264K, reserved 1130496K
  class space    used 9595K, capacity 10522K, committed 10624K, reserved 1048576K
Event: 1014.112 GC heap after
Heap after GC invocations=84 (full 4):
 PSYoungGen      total 232960K, used 10516K [0x00000000f0000000, 0x00000000ffd00000, 0x0000000100000000)
  eden space 210944K, 0% used [0x00000000f0000000,0x00000000f0000000,0x00000000fce00000)
  from space 22016K, 47% used [0x00000000fe780000,0x00000000ff1c5140,0x00000000ffd00000)
  to   space 24064K, 0% used [0x00000000fce00000,0x00000000fce00000,0x00000000fe580000)
 ParOldGen       total 190976K, used 146181K [0x00000000d0000000, 0x00000000dba80000, 0x00000000f0000000)
  object space 190976K, 76% used [0x00000000d0000000,0x00000000d8ec1438,0x00000000dba80000)
 Metaspace       used 87678K, capacity 90980K, committed 91264K, reserved 1130496K
  class space    used 9595K, capacity 10522K, committed 10624K, reserved 1048576K
}
Event: 1015.894 GC heap before
{Heap before GC invocations=85 (full 4):
 PSYoungGen      total 232960K, used 221460K [0x00000000f0000000, 0x00000000ffd00000, 0x0000000100000000)
  eden space 210944K, 100% used [0x00000000f0000000,0x00000000fce00000,0x00000000fce00000)
  from space 22016K, 47% used [0x00000000fe780000,0x00000000ff1c5140,0x00000000ffd00000)
  to   space 24064K, 0% used [0x00000000fce00000,0x00000000fce00000,0x00000000fe580000)
 ParOldGen       total 190976K, used 146181K [0x00000000d0000000, 0x00000000dba80000, 0x00000000f0000000)
  object space 190976K, 76% used [0x00000000d0000000,0x00000000d8ec1438,0x00000000dba80000)
 Metaspace       used 87922K, capacity 91172K, committed 91520K, reserved 1130496K
  class space    used 9608K, capacity 10522K, committed 10624K, reserved 1048576K
Event: 1015.908 GC heap after
Heap after GC invocations=85 (full 4):
 PSYoungGen      total 235008K, used 6542K [0x00000000f0000000, 0x0000000100000000, 0x0000000100000000)
  eden space 210944K, 0% used [0x00000000f0000000,0x00000000f0000000,0x00000000fce00000)
  from space 24064K, 27% used [0x00000000fce00000,0x00000000fd463a28,0x00000000fe580000)
  to   space 23552K, 0% used [0x00000000fe900000,0x00000000fe900000,0x0000000100000000)
 ParOldGen       total 190976K, used 146675K [0x00000000d0000000, 0x00000000dba80000, 0x00000000f0000000)
  object space 190976K, 76% used [0x00000000d0000000,0x00000000d8f3ce30,0x00000000dba80000)
 Metaspace       used 87922K, capacity 91172K, committed 91520K, reserved 1130496K
  class space    used 9608K, capacity 10522K, committed 10624K, reserved 1048576K
}
Event: 1042.808 GC heap before
{Heap before GC invocations=86 (full 4):
 PSYoungGen      total 235008K, used 217486K [0x00000000f0000000, 0x0000000100000000, 0x0000000100000000)
  eden space 210944K, 100% used [0x00000000f0000000,0x00000000fce00000,0x00000000fce00000)
  from space 24064K, 27% used [0x00000000fce00000,0x00000000fd463a28,0x00000000fe580000)
  to   space 23552K, 0% used [0x00000000fe900000,0x00000000fe900000,0x0000000100000000)
 ParOldGen       total 190976K, used 146675K [0x00000000d0000000, 0x00000000dba80000, 0x00000000f0000000)
  object space 190976K, 76% used [0x00000000d0000000,0x00000000d8f3ce30,0x00000000dba80000)
 Metaspace       used 88309K, capacity 91626K, committed 91776K, reserved 1130496K
  class space    used 9626K, capacity 10560K, committed 10624K, reserved 1048576K
Event: 1042.822 GC heap after
Heap after GC invocations=86 (full 4):
 PSYoungGen      total 235520K, used 9572K [0x00000000f0000000, 0x00000000ffd80000, 0x0000000100000000)
  eden space 214528K, 0% used [0x00000000f0000000,0x00000000f0000000,0x00000000fd180000)
  from space 20992K, 45% used [0x00000000fe900000,0x00000000ff2592a8,0x00000000ffd80000)
  to   space 22528K, 0% used [0x00000000fd180000,0x00000000fd180000,0x00000000fe780000)
 ParOldGen       total 190976K, used 146883K [0x00000000d0000000, 0x00000000dba80000, 0x00000000f0000000)
  object space 190976K, 76% used [0x00000000d0000000,0x00000000d8f70e30,0x00000000dba80000)
 Metaspace       used 88309K, capacity 91626K, committed 91776K, reserved 1130496K
  class space    used 9626K, capacity 10560K, committed 10624K, reserved 1048576K
}
Event: 1048.865 GC heap before
{Heap before GC invocations=87 (full 4):
 PSYoungGen      total 235520K, used 224100K [0x00000000f0000000, 0x00000000ffd80000, 0x0000000100000000)
  eden space 214528K, 100% used [0x00000000f0000000,0x00000000fd180000,0x00000000fd180000)
  from space 20992K, 45% used [0x00000000fe900000,0x00000000ff2592a8,0x00000000ffd80000)
  to   space 22528K, 0% used [0x00000000fd180000,0x00000000fd180000,0x00000000fe780000)
 ParOldGen       total 190976K, used 146883K [0x00000000d0000000, 0x00000000dba80000, 0x00000000f0000000)
  object space 190976K, 76% used [0x00000000d0000000,0x00000000d8f70e30,0x00000000dba80000)
 Metaspace       used 88570K, capacity 91818K, committed 92032K, reserved 1130496K
  class space    used 9639K, capacity 10560K, committed 10624K, reserved 1048576K
Event: 1048.895 GC heap after
Heap after GC invocations=87 (full 4):
 PSYoungGen      total 237056K, used 8932K [0x00000000f0000000, 0x0000000100000000, 0x0000000100000000)
  eden space 214528K, 0% used [0x00000000f0000000,0x00000000f0000000,0x00000000fd180000)
  from space 22528K, 39% used [0x00000000fd180000,0x00000000fda39328,0x00000000fe780000)
  to   space 22016K, 0% used [0x00000000fea80000,0x00000000fea80000,0x0000000100000000)
 ParOldGen       total 190976K, used 147227K [0x00000000d0000000, 0x00000000dba80000, 0x00000000f0000000)
  object space 190976K, 77% used [0x00000000d0000000,0x00000000d8fc6e70,0x00000000dba80000)
 Metaspace       used 88570K, capacity 91818K, committed 92032K, reserved 1130496K
  class space    used 9639K, capacity 10560K, committed 10624K, reserved 1048576K
}
Event: 1050.593 GC heap before
{Heap before GC invocations=88 (full 4):
 PSYoungGen      total 237056K, used 223460K [0x00000000f0000000, 0x0000000100000000, 0x0000000100000000)
  eden space 214528K, 100% used [0x00000000f0000000,0x00000000fd180000,0x00000000fd180000)
  from space 22528K, 39% used [0x00000000fd180000,0x00000000fda39328,0x00000000fe780000)
  to   space 22016K, 0% used [0x00000000fea80000,0x00000000fea80000,0x0000000100000000)
 ParOldGen       total 190976K, used 147227K [0x00000000d0000000, 0x00000000dba80000, 0x00000000f0000000)
  object space 190976K, 77% used [0x00000000d0000000,0x00000000d8fc6e70,0x00000000dba80000)
 Metaspace       used 88570K, capacity 91818K, committed 92032K, reserved 1130496K
  class space    used 9639K, capacity 10560K, committed 10624K, reserved 1048576K
Event: 1050.608 GC heap after
Heap after GC invocations=88 (full 4):
 PSYoungGen      total 238080K, used 7450K [0x00000000f0000000, 0x00000000ffe80000, 0x0000000100000000)
  eden space 217600K, 0% used [0x00000000f0000000,0x00000000f0000000,0x00000000fd480000)
  from space 20480K, 36% used [0x00000000fea80000,0x00000000ff1c69d0,0x00000000ffe80000)
  to   space 21504K, 0% used [0x00000000fd480000,0x00000000fd480000,0x00000000fe980000)
 ParOldGen       total 190976K, used 147475K [0x00000000d0000000, 0x00000000dba80000, 0x00000000f0000000)
  object space 190976K, 77% used [0x00000000d0000000,0x00000000d9004e80,0x00000000dba80000)
 Metaspace       used 88570K, capacity 91818K, committed 92032K, reserved 1130496K
  class space    used 9639K, capacity 10560K, committed 10624K, reserved 1048576K
}

