# JRE version: Java(TM) SE Runtime Environment (8.0_25-b18) (build 1.8.0_25-b18)
# Java VM: Java HotSpot(TM) 64-Bit Server VM (25.25-b02 mixed mode windows-amd64 compressed oops)
Heap:
 PSYoungGen      total 132608K, used 82217K [0x00000000f0000000, 0x00000000fa180000, 0x0000000100000000)
  eden space 106496K, 70% used [0x00000000f0000000,0x00000000f49570a8,0x00000000f6800000)
  from space 26112K, 27% used [0x00000000f6800000,0x00000000f6ef34b0,0x00000000f8180000)
  to   space 25600K, 0% used [0x00000000f8880000,0x00000000f8880000,0x00000000fa180000)
 ParOldGen       total 308224K, used 196969K [0x00000000d0000000, 0x00000000e2d00000, 0x00000000f0000000)
  object space 308224K, 63% used [0x00000000d0000000,0x00000000dc05a4f8,0x00000000e2d00000)
 Metaspace       used 100107K, capacity 103764K, committed 103808K, reserved 1142784K
  class space    used 10346K, capacity 11386K, committed 11392K, reserved 1048576K
GC Heap History (10 events):
Event: 1716.600 GC heap before
{Heap before GC invocations=85 (full 6):
 PSYoungGen      total 128000K, used 113736K [0x00000000f0000000, 0x00000000f9d00000, 0x0000000100000000)
  eden space 105472K, 100% used [0x00000000f0000000,0x00000000f6700000,0x00000000f6700000)
  from space 22528K, 36% used [0x00000000f8700000,0x00000000f8f12218,0x00000000f9d00000)
  to   space 27648K, 0% used [0x00000000f6700000,0x00000000f6700000,0x00000000f8200000)
 ParOldGen       total 308224K, used 195265K [0x00000000d0000000, 0x00000000e2d00000, 0x00000000f0000000)
  object space 308224K, 63% used [0x00000000d0000000,0x00000000dbeb0428,0x00000000e2d00000)
 Metaspace       used 97131K, capacity 100368K, committed 100480K, reserved 1138688K
  class space    used 10115K, capacity 11110K, committed 11136K, reserved 1048576K
Event: 1716.626 GC heap after
Heap after GC invocations=85 (full 6):
 PSYoungGen      total 133120K, used 5246K [0x00000000f0000000, 0x00000000fa080000, 0x0000000100000000)
  eden space 105472K, 0% used [0x00000000f0000000,0x00000000f0000000,0x00000000f6700000)
  from space 27648K, 18% used [0x00000000f6700000,0x00000000f6c1f860,0x00000000f8200000)
  to   space 27648K, 0% used [0x00000000f8580000,0x00000000f8580000,0x00000000fa080000)
 ParOldGen       total 308224K, used 195585K [0x00000000d0000000, 0x00000000e2d00000, 0x00000000f0000000)
  object space 308224K, 63% used [0x00000000d0000000,0x00000000dbf00468,0x00000000e2d00000)
 Metaspace       used 97131K, capacity 100368K, committed 100480K, reserved 1138688K
  class space    used 10115K, capacity 11110K, committed 11136K, reserved 1048576K
}
Event: 1741.381 GC heap before
{Heap before GC invocations=86 (full 6):
 PSYoungGen      total 133120K, used 110718K [0x00000000f0000000, 0x00000000fa080000, 0x0000000100000000)
  eden space 105472K, 100% used [0x00000000f0000000,0x00000000f6700000,0x00000000f6700000)
  from space 27648K, 18% used [0x00000000f6700000,0x00000000f6c1f860,0x00000000f8200000)
  to   space 27648K, 0% used [0x00000000f8580000,0x00000000f8580000,0x00000000fa080000)
 ParOldGen       total 308224K, used 195585K [0x00000000d0000000, 0x00000000e2d00000, 0x00000000f0000000)
  object space 308224K, 63% used [0x00000000d0000000,0x00000000dbf00468,0x00000000e2d00000)
 Metaspace       used 97388K, capacity 100624K, committed 100736K, reserved 1138688K
  class space    used 10128K, capacity 11110K, committed 11136K, reserved 1048576K
Event: 1741.408 GC heap after
Heap after GC invocations=86 (full 6):
 PSYoungGen      total 133632K, used 7284K [0x00000000f0000000, 0x00000000f9e80000, 0x0000000100000000)
  eden space 108032K, 0% used [0x00000000f0000000,0x00000000f0000000,0x00000000f6980000)
  from space 25600K, 28% used [0x00000000f8580000,0x00000000f8c9d398,0x00000000f9e80000)
  to   space 27136K, 0% used [0x00000000f6980000,0x00000000f6980000,0x00000000f8400000)
 ParOldGen       total 308224K, used 196201K [0x00000000d0000000, 0x00000000e2d00000, 0x00000000f0000000)
  object space 308224K, 63% used [0x00000000d0000000,0x00000000dbf9a4b8,0x00000000e2d00000)
 Metaspace       used 97388K, capacity 100624K, committed 100736K, reserved 1138688K
  class space    used 10128K, capacity 11110K, committed 11136K, reserved 1048576K
}
Event: 1785.050 GC heap before
{Heap before GC invocations=87 (full 6):
 PSYoungGen      total 133632K, used 115316K [0x00000000f0000000, 0x00000000f9e80000, 0x0000000100000000)
  eden space 108032K, 100% used [0x00000000f0000000,0x00000000f6980000,0x00000000f6980000)
  from space 25600K, 28% used [0x00000000f8580000,0x00000000f8c9d398,0x00000000f9e80000)
  to   space 27136K, 0% used [0x00000000f6980000,0x00000000f6980000,0x00000000f8400000)
 ParOldGen       total 308224K, used 196201K [0x00000000d0000000, 0x00000000e2d00000, 0x00000000f0000000)
  object space 308224K, 63% used [0x00000000d0000000,0x00000000dbf9a4b8,0x00000000e2d00000)
 Metaspace       used 97883K, capacity 101104K, committed 101376K, reserved 1138688K
  class space    used 10154K, capacity 11142K, committed 11264K, reserved 1048576K
Event: 1785.113 GC heap after
Heap after GC invocations=87 (full 6):
 PSYoungGen      total 111104K, used 5262K [0x00000000f0000000, 0x00000000f9c00000, 0x0000000100000000)
  eden space 105472K, 0% used [0x00000000f0000000,0x00000000f0000000,0x00000000f6700000)
  from space 5632K, 93% used [0x00000000f6980000,0x00000000f6ea3808,0x00000000f6f00000)
  to   space 27136K, 0% used [0x00000000f8180000,0x00000000f8180000,0x00000000f9c00000)
 ParOldGen       total 308224K, used 196353K [0x00000000d0000000, 0x00000000e2d00000, 0x00000000f0000000)
  object space 308224K, 63% used [0x00000000d0000000,0x00000000dbfc04b8,0x00000000e2d00000)
 Metaspace       used 97883K, capacity 101104K, committed 101376K, reserved 1138688K
  class space    used 10154K, capacity 11142K, committed 11264K, reserved 1048576K
}
Event: 1787.648 GC heap before
{Heap before GC invocations=88 (full 6):
 PSYoungGen      total 111104K, used 110734K [0x00000000f0000000, 0x00000000f9c00000, 0x0000000100000000)
  eden space 105472K, 100% used [0x00000000f0000000,0x00000000f6700000,0x00000000f6700000)
  from space 5632K, 93% used [0x00000000f6980000,0x00000000f6ea3808,0x00000000f6f00000)
  to   space 27136K, 0% used [0x00000000f8180000,0x00000000f8180000,0x00000000f9c00000)
 ParOldGen       total 308224K, used 196353K [0x00000000d0000000, 0x00000000e2d00000, 0x00000000f0000000)
  object space 308224K, 63% used [0x00000000d0000000,0x00000000dbfc04b8,0x00000000e2d00000)
 Metaspace       used 97885K, capacity 101104K, committed 101376K, reserved 1138688K
  class space    used 10154K, capacity 11142K, committed 11264K, reserved 1048576K
Event: 1788.127 GC heap after
Heap after GC invocations=88 (full 6):
 PSYoungGen      total 133632K, used 7383K [0x00000000f0000000, 0x00000000fa300000, 0x0000000100000000)
  eden space 106496K, 0% used [0x00000000f0000000,0x00000000f0000000,0x00000000f6800000)
  from space 27136K, 27% used [0x00000000f8180000,0x00000000f88b5dc8,0x00000000f9c00000)
  to   space 26112K, 0% used [0x00000000f6800000,0x00000000f6800000,0x00000000f8180000)
 ParOldGen       total 308224K, used 196745K [0x00000000d0000000, 0x00000000e2d00000, 0x00000000f0000000)
  object space 308224K, 63% used [0x00000000d0000000,0x00000000dc0224f8,0x00000000e2d00000)
 Metaspace       used 97885K, capacity 101104K, committed 101376K, reserved 1138688K
  class space    used 10154K, capacity 11142K, committed 11264K, reserved 1048576K
}
Event: 1798.800 GC heap before
{Heap before GC invocations=89 (full 6):
 PSYoungGen      total 133632K, used 104598K [0x00000000f0000000, 0x00000000fa300000, 0x0000000100000000)
  eden space 106496K, 91% used [0x00000000f0000000,0x00000000f5eefd58,0x00000000f6800000)
  from space 27136K, 27% used [0x00000000f8180000,0x00000000f88b5dc8,0x00000000f9c00000)
  to   space 26112K, 0% used [0x00000000f6800000,0x00000000f6800000,0x00000000f8180000)
 ParOldGen       total 308224K, used 196745K [0x00000000d0000000, 0x00000000e2d00000, 0x00000000f0000000)
  object space 308224K, 63% used [0x00000000d0000000,0x00000000dc0224f8,0x00000000e2d00000)
 Metaspace       used 98772K, capacity 102126K, committed 102400K, reserved 1140736K
  class space    used 10199K, capacity 11181K, committed 11264K, reserved 1048576K
Event: 1798.810 GC heap after
Heap after GC invocations=89 (full 6):
 PSYoungGen      total 132608K, used 7117K [0x00000000f0000000, 0x00000000fa180000, 0x0000000100000000)
  eden space 106496K, 0% used [0x00000000f0000000,0x00000000f0000000,0x00000000f6800000)
  from space 26112K, 27% used [0x00000000f6800000,0x00000000f6ef34b0,0x00000000f8180000)
  to   space 25600K, 0% used [0x00000000f8880000,0x00000000f8880000,0x00000000fa180000)
 ParOldGen       total 308224K, used 196969K [0x00000000d0000000, 0x00000000e2d00000, 0x00000000f0000000)
  object space 308224K, 63% used [0x00000000d0000000,0x00000000dc05a4f8,0x00000000e2d00000)
 Metaspace       used 98772K, capacity 102126K, committed 102400K, reserved 1140736K
  class space    used 10199K, capacity 11181K, committed 11264K, reserved 1048576K
}

