# JRE version: Java(TM) SE Runtime Environment (8.0_25-b18) (build 1.8.0_25-b18)
# Java VM: Java HotSpot(TM) 64-Bit Server VM (25.25-b02 mixed mode windows-amd64 compressed oops)
Heap:
 PSYoungGen      total 225280K, used 149247K [0x00000000f0000000, 0x00000000fff00000, 0x0000000100000000)
  eden space 190464K, 67% used [0x00000000f0000000,0x00000000f7caa268,0x00000000fba00000)
  from space 34816K, 62% used [0x00000000fdd00000,0x00000000ff215c38,0x00000000fff00000)
  to   space 35328K, 0% used [0x00000000fba00000,0x00000000fba00000,0x00000000fdc80000)
 ParOldGen       total 168448K, used 122759K [0x00000000d0000000, 0x00000000da480000, 0x00000000f0000000)
  object space 168448K, 72% used [0x00000000d0000000,0x00000000d77e1c90,0x00000000da480000)
 Metaspace       used 83496K, capacity 86560K, committed 86860K, reserved 1126400K
  class space    used 9317K, capacity 10219K, committed 10316K, reserved 1048576K
GC Heap History (10 events):
Event: 213.046 GC heap before
{Heap before GC invocations=58 (full 4):
 PSYoungGen      total 222720K, used 206344K [0x00000000f0000000, 0x0000000100000000, 0x0000000100000000)
  eden space 185344K, 100% used [0x00000000f0000000,0x00000000fb500000,0x00000000fb500000)
  from space 37376K, 56% used [0x00000000fb500000,0x00000000fc982178,0x00000000fd980000)
  to   space 37376K, 0% used [0x00000000fdb80000,0x00000000fdb80000,0x0000000100000000)
 ParOldGen       total 168448K, used 122727K [0x00000000d0000000, 0x00000000da480000, 0x00000000f0000000)
  object space 168448K, 72% used [0x00000000d0000000,0x00000000d77d9c90,0x00000000da480000)
 Metaspace       used 81029K, capacity 83630K, committed 83916K, reserved 1124352K
  class space    used 9103K, capacity 9854K, committed 9932K, reserved 1048576K
Event: 213.090 GC heap after
Heap after GC invocations=58 (full 4):
 PSYoungGen      total 222720K, used 20315K [0x00000000f0000000, 0x00000000ffe00000, 0x0000000100000000)
  eden space 187392K, 0% used [0x00000000f0000000,0x00000000f0000000,0x00000000fb700000)
  from space 35328K, 57% used [0x00000000fdb80000,0x00000000fef56e48,0x00000000ffe00000)
  to   space 36352K, 0% used [0x00000000fb700000,0x00000000fb700000,0x00000000fda80000)
 ParOldGen       total 168448K, used 122735K [0x00000000d0000000, 0x00000000da480000, 0x00000000f0000000)
  object space 168448K, 72% used [0x00000000d0000000,0x00000000d77dbc90,0x00000000da480000)
 Metaspace       used 81029K, capacity 83630K, committed 83916K, reserved 1124352K
  class space    used 9103K, capacity 9854K, committed 9932K, reserved 1048576K
}
Event: 214.972 GC heap before
{Heap before GC invocations=59 (full 4):
 PSYoungGen      total 222720K, used 207707K [0x00000000f0000000, 0x00000000ffe00000, 0x0000000100000000)
  eden space 187392K, 100% used [0x00000000f0000000,0x00000000fb700000,0x00000000fb700000)
  from space 35328K, 57% used [0x00000000fdb80000,0x00000000fef56e48,0x00000000ffe00000)
  to   space 36352K, 0% used [0x00000000fb700000,0x00000000fb700000,0x00000000fda80000)
 ParOldGen       total 168448K, used 122735K [0x00000000d0000000, 0x00000000da480000, 0x00000000f0000000)
  object space 168448K, 72% used [0x00000000d0000000,0x00000000d77dbc90,0x00000000da480000)
 Metaspace       used 81244K, capacity 83800K, committed 83916K, reserved 1124352K
  class space    used 9115K, capacity 9861K, committed 9932K, reserved 1048576K
Event: 215.001 GC heap after
Heap after GC invocations=59 (full 4):
 PSYoungGen      total 223744K, used 20131K [0x00000000f0000000, 0x0000000100000000, 0x0000000100000000)
  eden space 187392K, 0% used [0x00000000f0000000,0x00000000f0000000,0x00000000fb700000)
  from space 36352K, 55% used [0x00000000fb700000,0x00000000fcaa8ef8,0x00000000fda80000)
  to   space 35840K, 0% used [0x00000000fdd00000,0x00000000fdd00000,0x0000000100000000)
 ParOldGen       total 168448K, used 122743K [0x00000000d0000000, 0x00000000da480000, 0x00000000f0000000)
  object space 168448K, 72% used [0x00000000d0000000,0x00000000d77ddc90,0x00000000da480000)
 Metaspace       used 81244K, capacity 83800K, committed 83916K, reserved 1124352K
  class space    used 9115K, capacity 9861K, committed 9932K, reserved 1048576K
}
Event: 230.864 GC heap before
{Heap before GC invocations=60 (full 4):
 PSYoungGen      total 223744K, used 207523K [0x00000000f0000000, 0x0000000100000000, 0x0000000100000000)
  eden space 187392K, 100% used [0x00000000f0000000,0x00000000fb700000,0x00000000fb700000)
  from space 36352K, 55% used [0x00000000fb700000,0x00000000fcaa8ef8,0x00000000fda80000)
  to   space 35840K, 0% used [0x00000000fdd00000,0x00000000fdd00000,0x0000000100000000)
 ParOldGen       total 168448K, used 122743K [0x00000000d0000000, 0x00000000da480000, 0x00000000f0000000)
  object space 168448K, 72% used [0x00000000d0000000,0x00000000d77ddc90,0x00000000da480000)
 Metaspace       used 81564K, capacity 84194K, committed 84428K, reserved 1124352K
  class space    used 9133K, capacity 9910K, committed 9932K, reserved 1048576K
Event: 230.906 GC heap after
Heap after GC invocations=60 (full 4):
 PSYoungGen      total 225280K, used 22941K [0x00000000f0000000, 0x00000000fff80000, 0x0000000100000000)
  eden space 189952K, 0% used [0x00000000f0000000,0x00000000f0000000,0x00000000fb980000)
  from space 35328K, 64% used [0x00000000fdd00000,0x00000000ff3677d8,0x00000000fff80000)
  to   space 35840K, 0% used [0x00000000fb980000,0x00000000fb980000,0x00000000fdc80000)
 ParOldGen       total 168448K, used 122751K [0x00000000d0000000, 0x00000000da480000, 0x00000000f0000000)
  object space 168448K, 72% used [0x00000000d0000000,0x00000000d77dfc90,0x00000000da480000)
 Metaspace       used 81564K, capacity 84194K, committed 84428K, reserved 1124352K
  class space    used 9133K, capacity 9910K, committed 9932K, reserved 1048576K
}
Event: 258.209 GC heap before
{Heap before GC invocations=61 (full 4):
 PSYoungGen      total 225280K, used 212893K [0x00000000f0000000, 0x00000000fff80000, 0x0000000100000000)
  eden space 189952K, 100% used [0x00000000f0000000,0x00000000fb980000,0x00000000fb980000)
  from space 35328K, 64% used [0x00000000fdd00000,0x00000000ff3677d8,0x00000000fff80000)
  to   space 35840K, 0% used [0x00000000fb980000,0x00000000fb980000,0x00000000fdc80000)
 ParOldGen       total 168448K, used 122751K [0x00000000d0000000, 0x00000000da480000, 0x00000000f0000000)
  object space 168448K, 72% used [0x00000000d0000000,0x00000000d77dfc90,0x00000000da480000)
 Metaspace       used 82107K, capacity 84666K, committed 84812K, reserved 1124352K
  class space    used 9177K, capacity 9956K, committed 10060K, reserved 1048576K
Event: 258.250 GC heap after
Heap after GC invocations=61 (full 4):
 PSYoungGen      total 225792K, used 21633K [0x00000000f0000000, 0x0000000100000000, 0x0000000100000000)
  eden space 189952K, 0% used [0x00000000f0000000,0x00000000f0000000,0x00000000fb980000)
  from space 35840K, 60% used [0x00000000fb980000,0x00000000fcea04f0,0x00000000fdc80000)
  to   space 35840K, 0% used [0x00000000fdd00000,0x00000000fdd00000,0x0000000100000000)
 ParOldGen       total 168448K, used 122751K [0x00000000d0000000, 0x00000000da480000, 0x00000000f0000000)
  object space 168448K, 72% used [0x00000000d0000000,0x00000000d77dfc90,0x00000000da480000)
 Metaspace       used 82107K, capacity 84666K, committed 84812K, reserved 1124352K
  class space    used 9177K, capacity 9956K, committed 10060K, reserved 1048576K
}
Event: 261.066 GC heap before
{Heap before GC invocations=62 (full 4):
 PSYoungGen      total 225792K, used 211585K [0x00000000f0000000, 0x0000000100000000, 0x0000000100000000)
  eden space 189952K, 100% used [0x00000000f0000000,0x00000000fb980000,0x00000000fb980000)
  from space 35840K, 60% used [0x00000000fb980000,0x00000000fcea04f0,0x00000000fdc80000)
  to   space 35840K, 0% used [0x00000000fdd00000,0x00000000fdd00000,0x0000000100000000)
 ParOldGen       total 168448K, used 122751K [0x00000000d0000000, 0x00000000da480000, 0x00000000f0000000)
  object space 168448K, 72% used [0x00000000d0000000,0x00000000d77dfc90,0x00000000da480000)
 Metaspace       used 82124K, capacity 84666K, committed 84812K, reserved 1124352K
  class space    used 9177K, capacity 9956K, committed 10060K, reserved 1048576K
Event: 261.104 GC heap after
Heap after GC invocations=62 (full 4):
 PSYoungGen      total 225280K, used 21591K [0x00000000f0000000, 0x00000000fff00000, 0x0000000100000000)
  eden space 190464K, 0% used [0x00000000f0000000,0x00000000f0000000,0x00000000fba00000)
  from space 34816K, 62% used [0x00000000fdd00000,0x00000000ff215c38,0x00000000fff00000)
  to   space 35328K, 0% used [0x00000000fba00000,0x00000000fba00000,0x00000000fdc80000)
 ParOldGen       total 168448K, used 122759K [0x00000000d0000000, 0x00000000da480000, 0x00000000f0000000)
  object space 168448K, 72% used [0x00000000d0000000,0x00000000d77e1c90,0x00000000da480000)
 Metaspace       used 82124K, capacity 84666K, committed 84812K, reserved 1124352K
  class space    used 9177K, capacity 9956K, committed 10060K, reserved 1048576K
}

