# JRE version: Java(TM) SE Runtime Environment (8.0_25-b18) (build 1.8.0_25-b18)
# Java VM: Java HotSpot(TM) 64-Bit Server VM (25.25-b02 mixed mode windows-amd64 compressed oops)
Heap:
 PSYoungGen      total 215040K, used 174005K [0x00000000f0000000, 0x0000000100000000, 0x0000000100000000)
  eden space 172032K, 82% used [0x00000000f0000000,0x00000000f8b2d698,0x00000000fa800000)
  from space 43008K, 73% used [0x00000000fd600000,0x00000000ff4bfff8,0x0000000100000000)
  to   space 45056K, 0% used [0x00000000fa800000,0x00000000fa800000,0x00000000fd400000)
 ParOldGen       total 173056K, used 120308K [0x00000000d0000000, 0x00000000da900000, 0x00000000f0000000)
  object space 173056K, 69% used [0x00000000d0000000,0x00000000d757d360,0x00000000da900000)
 Metaspace       used 84446K, capacity 87712K, committed 87808K, reserved 1126400K
  class space    used 9499K, capacity 10478K, committed 10496K, reserved 1048576K
GC Heap History (10 events):
Event: 176.236 GC heap before
{Heap before GC invocations=59 (full 5):
 PSYoungGen      total 213504K, used 179646K [0x00000000f0000000, 0x00000000ffb80000, 0x0000000100000000)
  eden space 169984K, 97% used [0x00000000f0000000,0x00000000fa1c3868,0x00000000fa600000)
  from space 43520K, 32% used [0x00000000fa600000,0x00000000fb3ac1e0,0x00000000fd080000)
  to   space 40960K, 0% used [0x00000000fd380000,0x00000000fd380000,0x00000000ffb80000)
 ParOldGen       total 173056K, used 120268K [0x00000000d0000000, 0x00000000da900000, 0x00000000f0000000)
  object space 173056K, 69% used [0x00000000d0000000,0x00000000d7573360,0x00000000da900000)
 Metaspace       used 76911K, capacity 79272K, committed 79488K, reserved 1120256K
  class space    used 8785K, capacity 9500K, committed 9600K, reserved 1048576K
Event: 176.275 GC heap after
Heap after GC invocations=59 (full 5):
 PSYoungGen      total 216576K, used 16930K [0x00000000f0000000, 0x00000000ff980000, 0x0000000100000000)
  eden space 177664K, 0% used [0x00000000f0000000,0x00000000f0000000,0x00000000fad80000)
  from space 38912K, 43% used [0x00000000fd380000,0x00000000fe408990,0x00000000ff980000)
  to   space 38912K, 0% used [0x00000000fad80000,0x00000000fad80000,0x00000000fd380000)
 ParOldGen       total 173056K, used 120276K [0x00000000d0000000, 0x00000000da900000, 0x00000000f0000000)
  object space 173056K, 69% used [0x00000000d0000000,0x00000000d7575360,0x00000000da900000)
 Metaspace       used 76911K, capacity 79272K, committed 79488K, reserved 1120256K
  class space    used 8785K, capacity 9500K, committed 9600K, reserved 1048576K
}
Event: 310.900 GC heap before
{Heap before GC invocations=60 (full 5):
 PSYoungGen      total 216576K, used 194594K [0x00000000f0000000, 0x00000000ff980000, 0x0000000100000000)
  eden space 177664K, 100% used [0x00000000f0000000,0x00000000fad80000,0x00000000fad80000)
  from space 38912K, 43% used [0x00000000fd380000,0x00000000fe408990,0x00000000ff980000)
  to   space 38912K, 0% used [0x00000000fad80000,0x00000000fad80000,0x00000000fd380000)
 ParOldGen       total 173056K, used 120276K [0x00000000d0000000, 0x00000000da900000, 0x00000000f0000000)
  object space 173056K, 69% used [0x00000000d0000000,0x00000000d7575360,0x00000000da900000)
 Metaspace       used 79046K, capacity 81556K, committed 81792K, reserved 1122304K
  class space    used 9050K, capacity 9800K, committed 9856K, reserved 1048576K
Event: 310.932 GC heap after
Heap after GC invocations=60 (full 5):
 PSYoungGen      total 216576K, used 22075K [0x00000000f0000000, 0x0000000100000000, 0x0000000100000000)
  eden space 177664K, 0% used [0x00000000f0000000,0x00000000f0000000,0x00000000fad80000)
  from space 38912K, 56% used [0x00000000fad80000,0x00000000fc30ec30,0x00000000fd380000)
  to   space 38912K, 0% used [0x00000000fda00000,0x00000000fda00000,0x0000000100000000)
 ParOldGen       total 173056K, used 120284K [0x00000000d0000000, 0x00000000da900000, 0x00000000f0000000)
  object space 173056K, 69% used [0x00000000d0000000,0x00000000d7577360,0x00000000da900000)
 Metaspace       used 79046K, capacity 81556K, committed 81792K, reserved 1122304K
  class space    used 9050K, capacity 9800K, committed 9856K, reserved 1048576K
}
Event: 432.398 GC heap before
{Heap before GC invocations=61 (full 5):
 PSYoungGen      total 216576K, used 199739K [0x00000000f0000000, 0x0000000100000000, 0x0000000100000000)
  eden space 177664K, 100% used [0x00000000f0000000,0x00000000fad80000,0x00000000fad80000)
  from space 38912K, 56% used [0x00000000fad80000,0x00000000fc30ec30,0x00000000fd380000)
  to   space 38912K, 0% used [0x00000000fda00000,0x00000000fda00000,0x0000000100000000)
 ParOldGen       total 173056K, used 120284K [0x00000000d0000000, 0x00000000da900000, 0x00000000f0000000)
  object space 173056K, 69% used [0x00000000d0000000,0x00000000d7577360,0x00000000da900000)
 Metaspace       used 80514K, capacity 83220K, committed 83584K, reserved 1122304K
  class space    used 9174K, capacity 9985K, committed 10112K, reserved 1048576K
Event: 432.653 GC heap after
Heap after GC invocations=61 (full 5):
 PSYoungGen      total 219136K, used 28092K [0x00000000f0000000, 0x0000000100000000, 0x0000000100000000)
  eden space 180224K, 0% used [0x00000000f0000000,0x00000000f0000000,0x00000000fb000000)
  from space 38912K, 72% used [0x00000000fda00000,0x00000000ff56f090,0x0000000100000000)
  to   space 40960K, 0% used [0x00000000fb000000,0x00000000fb000000,0x00000000fd800000)
 ParOldGen       total 173056K, used 120292K [0x00000000d0000000, 0x00000000da900000, 0x00000000f0000000)
  object space 173056K, 69% used [0x00000000d0000000,0x00000000d7579360,0x00000000da900000)
 Metaspace       used 80514K, capacity 83220K, committed 83584K, reserved 1122304K
  class space    used 9174K, capacity 9985K, committed 10112K, reserved 1048576K
}
Event: 470.252 GC heap before
{Heap before GC invocations=62 (full 5):
 PSYoungGen      total 219136K, used 208316K [0x00000000f0000000, 0x0000000100000000, 0x0000000100000000)
  eden space 180224K, 100% used [0x00000000f0000000,0x00000000fb000000,0x00000000fb000000)
  from space 38912K, 72% used [0x00000000fda00000,0x00000000ff56f090,0x0000000100000000)
  to   space 40960K, 0% used [0x00000000fb000000,0x00000000fb000000,0x00000000fd800000)
 ParOldGen       total 173056K, used 120292K [0x00000000d0000000, 0x00000000da900000, 0x00000000f0000000)
  object space 173056K, 69% used [0x00000000d0000000,0x00000000d7579360,0x00000000da900000)
 Metaspace       used 82162K, capacity 84968K, committed 85248K, reserved 1124352K
  class space    used 9316K, capacity 10200K, committed 10240K, reserved 1048576K
Event: 470.306 GC heap after
Heap after GC invocations=62 (full 5):
 PSYoungGen      total 209920K, used 29607K [0x00000000f0000000, 0x0000000100000000, 0x0000000100000000)
  eden space 180224K, 0% used [0x00000000f0000000,0x00000000f0000000,0x00000000fb000000)
  from space 29696K, 99% used [0x00000000fb000000,0x00000000fcce9f98,0x00000000fcd00000)
  to   space 43008K, 0% used [0x00000000fd600000,0x00000000fd600000,0x0000000100000000)
 ParOldGen       total 173056K, used 120300K [0x00000000d0000000, 0x00000000da900000, 0x00000000f0000000)
  object space 173056K, 69% used [0x00000000d0000000,0x00000000d757b360,0x00000000da900000)
 Metaspace       used 82162K, capacity 84968K, committed 85248K, reserved 1124352K
  class space    used 9316K, capacity 10200K, committed 10240K, reserved 1048576K
}
Event: 956.877 GC heap before
{Heap before GC invocations=63 (full 5):
 PSYoungGen      total 209920K, used 209831K [0x00000000f0000000, 0x0000000100000000, 0x0000000100000000)
  eden space 180224K, 100% used [0x00000000f0000000,0x00000000fb000000,0x00000000fb000000)
  from space 29696K, 99% used [0x00000000fb000000,0x00000000fcce9f98,0x00000000fcd00000)
  to   space 43008K, 0% used [0x00000000fd600000,0x00000000fd600000,0x0000000100000000)
 ParOldGen       total 173056K, used 120300K [0x00000000d0000000, 0x00000000da900000, 0x00000000f0000000)
  object space 173056K, 69% used [0x00000000d0000000,0x00000000d757b360,0x00000000da900000)
 Metaspace       used 82742K, capacity 85694K, committed 85888K, reserved 1124352K
  class space    used 9364K, capacity 10286K, committed 10368K, reserved 1048576K
Event: 956.969 GC heap after
Heap after GC invocations=63 (full 5):
 PSYoungGen      total 215040K, used 31487K [0x00000000f0000000, 0x0000000100000000, 0x0000000100000000)
  eden space 172032K, 0% used [0x00000000f0000000,0x00000000f0000000,0x00000000fa800000)
  from space 43008K, 73% used [0x00000000fd600000,0x00000000ff4bfff8,0x0000000100000000)
  to   space 45056K, 0% used [0x00000000fa800000,0x00000000fa800000,0x00000000fd400000)
 ParOldGen       total 173056K, used 120308K [0x00000000d0000000, 0x00000000da900000, 0x00000000f0000000)
  object space 173056K, 69% used [0x00000000d0000000,0x00000000d757d360,0x00000000da900000)
 Metaspace       used 82742K, capacity 85694K, committed 85888K, reserved 1124352K
  class space    used 9364K, capacity 10286K, committed 10368K, reserved 1048576K
}

