# JRE version: Java(TM) SE Runtime Environment (8.0_25-b18) (build 1.8.0_25-b18)
# Java VM: Java HotSpot(TM) 64-Bit Server VM (25.25-b02 mixed mode windows-amd64 compressed oops)
Heap:
 PSYoungGen      total 221696K, used 47934K [0x00000000f0000000, 0x0000000100000000, 0x0000000100000000)
  eden space 184832K, 12% used [0x00000000f0000000,0x00000000f1743fc8,0x00000000fb480000)
  from space 36864K, 65% used [0x00000000fb480000,0x00000000fcc0b840,0x00000000fd880000)
  to   space 35840K, 0% used [0x00000000fdd00000,0x00000000fdd00000,0x0000000100000000)
 ParOldGen       total 196096K, used 135009K [0x00000000d0000000, 0x00000000dbf80000, 0x00000000f0000000)
  object space 196096K, 68% used [0x00000000d0000000,0x00000000d83d8788,0x00000000dbf80000)
 Metaspace       used 76499K, capacity 79220K, committed 79320K, reserved 1120256K
  class space    used 8639K, capacity 9470K, committed 9472K, reserved 1048576K
GC Heap History (10 events):
Event: 161.313 GC heap before
{Heap before GC invocations=56 (full 5):
 PSYoungGen      total 214016K, used 192384K [0x00000000f0000000, 0x00000000ffc80000, 0x0000000100000000)
  eden space 173568K, 100% used [0x00000000f0000000,0x00000000fa980000,0x00000000fa980000)
  from space 40448K, 46% used [0x00000000fd500000,0x00000000fe7602f8,0x00000000ffc80000)
  to   space 42496K, 0% used [0x00000000fa980000,0x00000000fa980000,0x00000000fd300000)
 ParOldGen       total 196096K, used 132231K [0x00000000d0000000, 0x00000000dbf80000, 0x00000000f0000000)
  object space 196096K, 67% used [0x00000000d0000000,0x00000000d8121f58,0x00000000dbf80000)
 Metaspace       used 73730K, capacity 75994K, committed 76248K, reserved 1116160K
  class space    used 8380K, capacity 9101K, committed 9216K, reserved 1048576K
Event: 161.343 GC heap after
Heap after GC invocations=56 (full 5):
 PSYoungGen      total 216064K, used 19653K [0x00000000f0000000, 0x0000000100000000, 0x0000000100000000)
  eden space 173568K, 0% used [0x00000000f0000000,0x00000000f0000000,0x00000000fa980000)
  from space 42496K, 46% used [0x00000000fa980000,0x00000000fbcb1460,0x00000000fd300000)
  to   space 41472K, 0% used [0x00000000fd780000,0x00000000fd780000,0x0000000100000000)
 ParOldGen       total 196096K, used 132383K [0x00000000d0000000, 0x00000000dbf80000, 0x00000000f0000000)
  object space 196096K, 67% used [0x00000000d0000000,0x00000000d8147f88,0x00000000dbf80000)
 Metaspace       used 73730K, capacity 75994K, committed 76248K, reserved 1116160K
  class space    used 8380K, capacity 9101K, committed 9216K, reserved 1048576K
}
Event: 231.766 GC heap before
{Heap before GC invocations=57 (full 5):
 PSYoungGen      total 216064K, used 193221K [0x00000000f0000000, 0x0000000100000000, 0x0000000100000000)
  eden space 173568K, 100% used [0x00000000f0000000,0x00000000fa980000,0x00000000fa980000)
  from space 42496K, 46% used [0x00000000fa980000,0x00000000fbcb1460,0x00000000fd300000)
  to   space 41472K, 0% used [0x00000000fd780000,0x00000000fd780000,0x0000000100000000)
 ParOldGen       total 196096K, used 132383K [0x00000000d0000000, 0x00000000dbf80000, 0x00000000f0000000)
  object space 196096K, 67% used [0x00000000d0000000,0x00000000d8147f88,0x00000000dbf80000)
 Metaspace       used 74914K, capacity 77286K, committed 77656K, reserved 1118208K
  class space    used 8484K, capacity 9219K, committed 9344K, reserved 1048576K
Event: 231.801 GC heap after
Heap after GC invocations=57 (full 5):
 PSYoungGen      total 214528K, used 22537K [0x00000000f0000000, 0x00000000ffb00000, 0x0000000100000000)
  eden space 178176K, 0% used [0x00000000f0000000,0x00000000f0000000,0x00000000fae00000)
  from space 36352K, 61% used [0x00000000fd780000,0x00000000fed826e0,0x00000000ffb00000)
  to   space 39424K, 0% used [0x00000000fae00000,0x00000000fae00000,0x00000000fd480000)
 ParOldGen       total 196096K, used 132391K [0x00000000d0000000, 0x00000000dbf80000, 0x00000000f0000000)
  object space 196096K, 67% used [0x00000000d0000000,0x00000000d8149f88,0x00000000dbf80000)
 Metaspace       used 74914K, capacity 77286K, committed 77656K, reserved 1118208K
  class space    used 8484K, capacity 9219K, committed 9344K, reserved 1048576K
}
Event: 234.902 GC heap before
{Heap before GC invocations=58 (full 5):
 PSYoungGen      total 214528K, used 200713K [0x00000000f0000000, 0x00000000ffb00000, 0x0000000100000000)
  eden space 178176K, 100% used [0x00000000f0000000,0x00000000fae00000,0x00000000fae00000)
  from space 36352K, 61% used [0x00000000fd780000,0x00000000fed826e0,0x00000000ffb00000)
  to   space 39424K, 0% used [0x00000000fae00000,0x00000000fae00000,0x00000000fd480000)
 ParOldGen       total 196096K, used 132391K [0x00000000d0000000, 0x00000000dbf80000, 0x00000000f0000000)
  object space 196096K, 67% used [0x00000000d0000000,0x00000000d8149f88,0x00000000dbf80000)
 Metaspace       used 75215K, capacity 77554K, committed 77912K, reserved 1118208K
  class space    used 8509K, capacity 9221K, committed 9344K, reserved 1048576K
Event: 235.244 GC heap after
Heap after GC invocations=58 (full 5):
 PSYoungGen      total 217600K, used 22279K [0x00000000f0000000, 0x0000000100000000, 0x0000000100000000)
  eden space 178176K, 0% used [0x00000000f0000000,0x00000000f0000000,0x00000000fae00000)
  from space 39424K, 56% used [0x00000000fae00000,0x00000000fc3c1de0,0x00000000fd480000)
  to   space 37888K, 0% used [0x00000000fdb00000,0x00000000fdb00000,0x0000000100000000)
 ParOldGen       total 196096K, used 132391K [0x00000000d0000000, 0x00000000dbf80000, 0x00000000f0000000)
  object space 196096K, 67% used [0x00000000d0000000,0x00000000d8149f88,0x00000000dbf80000)
 Metaspace       used 75215K, capacity 77554K, committed 77912K, reserved 1118208K
  class space    used 8509K, capacity 9221K, committed 9344K, reserved 1048576K
}
Event: 265.697 GC heap before
{Heap before GC invocations=59 (full 5):
 PSYoungGen      total 217600K, used 200455K [0x00000000f0000000, 0x0000000100000000, 0x0000000100000000)
  eden space 178176K, 100% used [0x00000000f0000000,0x00000000fae00000,0x00000000fae00000)
  from space 39424K, 56% used [0x00000000fae00000,0x00000000fc3c1de0,0x00000000fd480000)
  to   space 37888K, 0% used [0x00000000fdb00000,0x00000000fdb00000,0x0000000100000000)
 ParOldGen       total 196096K, used 132391K [0x00000000d0000000, 0x00000000dbf80000, 0x00000000f0000000)
  object space 196096K, 67% used [0x00000000d0000000,0x00000000d8149f88,0x00000000dbf80000)
 Metaspace       used 75324K, capacity 77672K, committed 77912K, reserved 1118208K
  class space    used 8515K, capacity 9230K, committed 9344K, reserved 1048576K
Event: 265.764 GC heap after
Heap after GC invocations=59 (full 5):
 PSYoungGen      total 219136K, used 20992K [0x00000000f0000000, 0x00000000ffc80000, 0x0000000100000000)
  eden space 184832K, 0% used [0x00000000f0000000,0x00000000f0000000,0x00000000fb480000)
  from space 34304K, 61% used [0x00000000fdb00000,0x00000000fef802a8,0x00000000ffc80000)
  to   space 36864K, 0% used [0x00000000fb480000,0x00000000fb480000,0x00000000fd880000)
 ParOldGen       total 196096K, used 135001K [0x00000000d0000000, 0x00000000dbf80000, 0x00000000f0000000)
  object space 196096K, 68% used [0x00000000d0000000,0x00000000d83d6788,0x00000000dbf80000)
 Metaspace       used 75324K, capacity 77672K, committed 77912K, reserved 1118208K
  class space    used 8515K, capacity 9230K, committed 9344K, reserved 1048576K
}
Event: 333.022 GC heap before
{Heap before GC invocations=60 (full 5):
 PSYoungGen      total 219136K, used 205824K [0x00000000f0000000, 0x00000000ffc80000, 0x0000000100000000)
  eden space 184832K, 100% used [0x00000000f0000000,0x00000000fb480000,0x00000000fb480000)
  from space 34304K, 61% used [0x00000000fdb00000,0x00000000fef802a8,0x00000000ffc80000)
  to   space 36864K, 0% used [0x00000000fb480000,0x00000000fb480000,0x00000000fd880000)
 ParOldGen       total 196096K, used 135001K [0x00000000d0000000, 0x00000000dbf80000, 0x00000000f0000000)
  object space 196096K, 68% used [0x00000000d0000000,0x00000000d83d6788,0x00000000dbf80000)
 Metaspace       used 75870K, capacity 78306K, committed 78424K, reserved 1118208K
  class space    used 8558K, capacity 9295K, committed 9344K, reserved 1048576K
Event: 333.055 GC heap after
Heap after GC invocations=60 (full 5):
 PSYoungGen      total 221696K, used 24110K [0x00000000f0000000, 0x0000000100000000, 0x0000000100000000)
  eden space 184832K, 0% used [0x00000000f0000000,0x00000000f0000000,0x00000000fb480000)
  from space 36864K, 65% used [0x00000000fb480000,0x00000000fcc0b840,0x00000000fd880000)
  to   space 35840K, 0% used [0x00000000fdd00000,0x00000000fdd00000,0x0000000100000000)
 ParOldGen       total 196096K, used 135009K [0x00000000d0000000, 0x00000000dbf80000, 0x00000000f0000000)
  object space 196096K, 68% used [0x00000000d0000000,0x00000000d83d8788,0x00000000dbf80000)
 Metaspace       used 75870K, capacity 78306K, committed 78424K, reserved 1118208K
  class space    used 8558K, capacity 9295K, committed 9344K, reserved 1048576K
}

