# JRE version: Java(TM) SE Runtime Environment (8.0_25-b18) (build 1.8.0_25-b18)
# Java VM: Java HotSpot(TM) 64-Bit Server VM (25.25-b02 mixed mode windows-amd64 compressed oops)
Heap:
 PSYoungGen      total 218624K, used 197076K [0x00000000f0000000, 0x00000000ffe80000, 0x0000000100000000)
  eden space 178688K, 95% used [0x00000000f0000000,0x00000000fa5e4608,0x00000000fae80000)
  from space 39936K, 68% used [0x00000000fd780000,0x00000000ff210a20,0x00000000ffe80000)
  to   space 40960K, 0% used [0x00000000fae80000,0x00000000fae80000,0x00000000fd680000)
 ParOldGen       total 179712K, used 123734K [0x00000000d0000000, 0x00000000daf80000, 0x00000000f0000000)
  object space 179712K, 68% used [0x00000000d0000000,0x00000000d78d5908,0x00000000daf80000)
 Metaspace       used 83355K, capacity 86456K, committed 86644K, reserved 1126400K
  class space    used 9371K, capacity 10288K, committed 10412K, reserved 1048576K
GC Heap History (10 events):
Event: 191.628 GC heap before
{Heap before GC invocations=56 (full 4):
 PSYoungGen      total 205312K, used 170133K [0x00000000f0000000, 0x00000000fff00000, 0x0000000100000000)
  eden space 155136K, 100% used [0x00000000f0000000,0x00000000f9780000,0x00000000f9780000)
  from space 50176K, 29% used [0x00000000f9780000,0x00000000fa625548,0x00000000fc880000)
  to   space 48640K, 0% used [0x00000000fcf80000,0x00000000fcf80000,0x00000000fff00000)
 ParOldGen       total 179712K, used 123294K [0x00000000d0000000, 0x00000000daf80000, 0x00000000f0000000)
  object space 179712K, 68% used [0x00000000d0000000,0x00000000d7867908,0x00000000daf80000)
 Metaspace       used 77273K, capacity 79644K, committed 79988K, reserved 1120256K
  class space    used 8854K, capacity 9579K, committed 9644K, reserved 1048576K
Event: 191.674 GC heap after
Heap after GC invocations=56 (full 4):
 PSYoungGen      total 208384K, used 18898K [0x00000000f0000000, 0x00000000ffb80000, 0x0000000100000000)
  eden space 163328K, 0% used [0x00000000f0000000,0x00000000f0000000,0x00000000f9f80000)
  from space 45056K, 41% used [0x00000000fcf80000,0x00000000fe1f4878,0x00000000ffb80000)
  to   space 47104K, 0% used [0x00000000f9f80000,0x00000000f9f80000,0x00000000fcd80000)
 ParOldGen       total 179712K, used 123702K [0x00000000d0000000, 0x00000000daf80000, 0x00000000f0000000)
  object space 179712K, 68% used [0x00000000d0000000,0x00000000d78cd908,0x00000000daf80000)
 Metaspace       used 77273K, capacity 79644K, committed 79988K, reserved 1120256K
  class space    used 8854K, capacity 9579K, committed 9644K, reserved 1048576K
}
Event: 240.019 GC heap before
{Heap before GC invocations=57 (full 4):
 PSYoungGen      total 208384K, used 182226K [0x00000000f0000000, 0x00000000ffb80000, 0x0000000100000000)
  eden space 163328K, 100% used [0x00000000f0000000,0x00000000f9f80000,0x00000000f9f80000)
  from space 45056K, 41% used [0x00000000fcf80000,0x00000000fe1f4878,0x00000000ffb80000)
  to   space 47104K, 0% used [0x00000000f9f80000,0x00000000f9f80000,0x00000000fcd80000)
 ParOldGen       total 179712K, used 123702K [0x00000000d0000000, 0x00000000daf80000, 0x00000000f0000000)
  object space 179712K, 68% used [0x00000000d0000000,0x00000000d78cd908,0x00000000daf80000)
 Metaspace       used 79810K, capacity 82288K, committed 82548K, reserved 1122304K
  class space    used 9067K, capacity 9835K, committed 9900K, reserved 1048576K
Event: 240.259 GC heap after
Heap after GC invocations=57 (full 4):
 PSYoungGen      total 210432K, used 20882K [0x00000000f0000000, 0x00000000ffe00000, 0x0000000100000000)
  eden space 163328K, 0% used [0x00000000f0000000,0x00000000f0000000,0x00000000f9f80000)
  from space 47104K, 44% used [0x00000000f9f80000,0x00000000fb3e4b58,0x00000000fcd80000)
  to   space 45056K, 0% used [0x00000000fd200000,0x00000000fd200000,0x00000000ffe00000)
 ParOldGen       total 179712K, used 123710K [0x00000000d0000000, 0x00000000daf80000, 0x00000000f0000000)
  object space 179712K, 68% used [0x00000000d0000000,0x00000000d78cf908,0x00000000daf80000)
 Metaspace       used 79810K, capacity 82288K, committed 82548K, reserved 1122304K
  class space    used 9067K, capacity 9835K, committed 9900K, reserved 1048576K
}
Event: 242.686 GC heap before
{Heap before GC invocations=58 (full 4):
 PSYoungGen      total 210432K, used 184210K [0x00000000f0000000, 0x00000000ffe00000, 0x0000000100000000)
  eden space 163328K, 100% used [0x00000000f0000000,0x00000000f9f80000,0x00000000f9f80000)
  from space 47104K, 44% used [0x00000000f9f80000,0x00000000fb3e4b58,0x00000000fcd80000)
  to   space 45056K, 0% used [0x00000000fd200000,0x00000000fd200000,0x00000000ffe00000)
 ParOldGen       total 179712K, used 123710K [0x00000000d0000000, 0x00000000daf80000, 0x00000000f0000000)
  object space 179712K, 68% used [0x00000000d0000000,0x00000000d78cf908,0x00000000daf80000)
 Metaspace       used 79971K, capacity 82452K, committed 82548K, reserved 1122304K
  class space    used 9071K, capacity 9841K, committed 9900K, reserved 1048576K
Event: 242.895 GC heap after
Heap after GC invocations=58 (full 4):
 PSYoungGen      total 209920K, used 21712K [0x00000000f0000000, 0x00000000ff900000, 0x0000000100000000)
  eden space 169984K, 0% used [0x00000000f0000000,0x00000000f0000000,0x00000000fa600000)
  from space 39936K, 54% used [0x00000000fd200000,0x00000000fe734310,0x00000000ff900000)
  to   space 42496K, 0% used [0x00000000fa600000,0x00000000fa600000,0x00000000fcf80000)
 ParOldGen       total 179712K, used 123718K [0x00000000d0000000, 0x00000000daf80000, 0x00000000f0000000)
  object space 179712K, 68% used [0x00000000d0000000,0x00000000d78d1908,0x00000000daf80000)
 Metaspace       used 79971K, capacity 82452K, committed 82548K, reserved 1122304K
  class space    used 9071K, capacity 9841K, committed 9900K, reserved 1048576K
}
Event: 255.591 GC heap before
{Heap before GC invocations=59 (full 4):
 PSYoungGen      total 209920K, used 191696K [0x00000000f0000000, 0x00000000ff900000, 0x0000000100000000)
  eden space 169984K, 100% used [0x00000000f0000000,0x00000000fa600000,0x00000000fa600000)
  from space 39936K, 54% used [0x00000000fd200000,0x00000000fe734310,0x00000000ff900000)
  to   space 42496K, 0% used [0x00000000fa600000,0x00000000fa600000,0x00000000fcf80000)
 ParOldGen       total 179712K, used 123718K [0x00000000d0000000, 0x00000000daf80000, 0x00000000f0000000)
  object space 179712K, 68% used [0x00000000d0000000,0x00000000d78d1908,0x00000000daf80000)
 Metaspace       used 81264K, capacity 83778K, committed 83956K, reserved 1124352K
  class space    used 9173K, capacity 9933K, committed 10028K, reserved 1048576K
Event: 255.622 GC heap after
Heap after GC invocations=59 (full 4):
 PSYoungGen      total 212480K, used 22357K [0x00000000f0000000, 0x00000000fff80000, 0x0000000100000000)
  eden space 169984K, 0% used [0x00000000f0000000,0x00000000f0000000,0x00000000fa600000)
  from space 42496K, 52% used [0x00000000fa600000,0x00000000fbbd54b0,0x00000000fcf80000)
  to   space 40960K, 0% used [0x00000000fd780000,0x00000000fd780000,0x00000000fff80000)
 ParOldGen       total 179712K, used 123726K [0x00000000d0000000, 0x00000000daf80000, 0x00000000f0000000)
  object space 179712K, 68% used [0x00000000d0000000,0x00000000d78d3908,0x00000000daf80000)
 Metaspace       used 81264K, capacity 83778K, committed 83956K, reserved 1124352K
  class space    used 9173K, capacity 9933K, committed 10028K, reserved 1048576K
}
Event: 1064.896 GC heap before
{Heap before GC invocations=60 (full 4):
 PSYoungGen      total 212480K, used 192341K [0x00000000f0000000, 0x00000000fff80000, 0x0000000100000000)
  eden space 169984K, 100% used [0x00000000f0000000,0x00000000fa600000,0x00000000fa600000)
  from space 42496K, 52% used [0x00000000fa600000,0x00000000fbbd54b0,0x00000000fcf80000)
  to   space 40960K, 0% used [0x00000000fd780000,0x00000000fd780000,0x00000000fff80000)
 ParOldGen       total 179712K, used 123726K [0x00000000d0000000, 0x00000000daf80000, 0x00000000f0000000)
  object space 179712K, 68% used [0x00000000d0000000,0x00000000d78d3908,0x00000000daf80000)
 Metaspace       used 81916K, capacity 84506K, committed 84724K, reserved 1124352K
  class space    used 9213K, capacity 10006K, committed 10028K, reserved 1048576K
Event: 1064.947 GC heap after
Heap after GC invocations=60 (full 4):
 PSYoungGen      total 218624K, used 27202K [0x00000000f0000000, 0x00000000ffe80000, 0x0000000100000000)
  eden space 178688K, 0% used [0x00000000f0000000,0x00000000f0000000,0x00000000fae80000)
  from space 39936K, 68% used [0x00000000fd780000,0x00000000ff210a20,0x00000000ffe80000)
  to   space 40960K, 0% used [0x00000000fae80000,0x00000000fae80000,0x00000000fd680000)
 ParOldGen       total 179712K, used 123734K [0x00000000d0000000, 0x00000000daf80000, 0x00000000f0000000)
  object space 179712K, 68% used [0x00000000d0000000,0x00000000d78d5908,0x00000000daf80000)
 Metaspace       used 81916K, capacity 84506K, committed 84724K, reserved 1124352K
  class space    used 9213K, capacity 10006K, committed 10028K, reserved 1048576K
}

