# JRE version: Java(TM) SE Runtime Environment (8.0_25-b18) (build 1.8.0_25-b18)
# Java VM: Java HotSpot(TM) 64-Bit Server VM (25.25-b02 mixed mode windows-amd64 compressed oops)
Heap:
 PSYoungGen      total 201728K, used 116725K [0x00000000f0000000, 0x00000000ff800000, 0x0000000100000000)
  eden space 157696K, 60% used [0x00000000f0000000,0x00000000f5d689d0,0x00000000f9a00000)
  from space 44032K, 47% used [0x00000000fcd00000,0x00000000fe194bc0,0x00000000ff800000)
  to   space 48128K, 0% used [0x00000000f9a00000,0x00000000f9a00000,0x00000000fc900000)
 ParOldGen       total 227840K, used 134792K [0x00000000d0000000, 0x00000000dde80000, 0x00000000f0000000)
  object space 227840K, 59% used [0x00000000d0000000,0x00000000d83a2080,0x00000000dde80000)
 Metaspace       used 80520K, capacity 83274K, committed 83456K, reserved 1122304K
  class space    used 9118K, capacity 9938K, committed 9984K, reserved 1048576K
GC Heap History (10 events):
Event: 73.406 GC heap before
{Heap before GC invocations=34 (full 4):
 PSYoungGen      total 199168K, used 147527K [0x00000000f0000000, 0x0000000100000000, 0x0000000100000000)
  eden space 136192K, 100% used [0x00000000f0000000,0x00000000f8500000,0x00000000f8500000)
  from space 62976K, 17% used [0x00000000f8500000,0x00000000f9011e10,0x00000000fc280000)
  to   space 61440K, 0% used [0x00000000fc400000,0x00000000fc400000,0x0000000100000000)
 ParOldGen       total 227840K, used 134768K [0x00000000d0000000, 0x00000000dde80000, 0x00000000f0000000)
  object space 227840K, 59% used [0x00000000d0000000,0x00000000d839c080,0x00000000dde80000)
 Metaspace       used 74775K, capacity 76894K, committed 77056K, reserved 1118208K
  class space    used 8507K, capacity 9155K, committed 9216K, reserved 1048576K
Event: 73.464 GC heap after
Heap after GC invocations=34 (full 4):
 PSYoungGen      total 193536K, used 14316K [0x00000000f0000000, 0x00000000ffa80000, 0x0000000100000000)
  eden space 137728K, 0% used [0x00000000f0000000,0x00000000f0000000,0x00000000f8680000)
  from space 55808K, 25% used [0x00000000fc400000,0x00000000fd1fb210,0x00000000ffa80000)
  to   space 59392K, 0% used [0x00000000f8680000,0x00000000f8680000,0x00000000fc080000)
 ParOldGen       total 227840K, used 134776K [0x00000000d0000000, 0x00000000dde80000, 0x00000000f0000000)
  object space 227840K, 59% used [0x00000000d0000000,0x00000000d839e080,0x00000000dde80000)
 Metaspace       used 74775K, capacity 76894K, committed 77056K, reserved 1118208K
  class space    used 8507K, capacity 9155K, committed 9216K, reserved 1048576K
}
Event: 278.240 GC heap before
{Heap before GC invocations=35 (full 4):
 PSYoungGen      total 193536K, used 152044K [0x00000000f0000000, 0x00000000ffa80000, 0x0000000100000000)
  eden space 137728K, 100% used [0x00000000f0000000,0x00000000f8680000,0x00000000f8680000)
  from space 55808K, 25% used [0x00000000fc400000,0x00000000fd1fb210,0x00000000ffa80000)
  to   space 59392K, 0% used [0x00000000f8680000,0x00000000f8680000,0x00000000fc080000)
 ParOldGen       total 227840K, used 134776K [0x00000000d0000000, 0x00000000dde80000, 0x00000000f0000000)
  object space 227840K, 59% used [0x00000000d0000000,0x00000000d839e080,0x00000000dde80000)
 Metaspace       used 76560K, capacity 78768K, committed 78848K, reserved 1118208K
  class space    used 8734K, capacity 9455K, committed 9472K, reserved 1048576K
Event: 278.506 GC heap after
Heap after GC invocations=35 (full 4):
 PSYoungGen      total 197120K, used 19169K [0x00000000f0000000, 0x00000000ffd80000, 0x0000000100000000)
  eden space 137728K, 0% used [0x00000000f0000000,0x00000000f0000000,0x00000000f8680000)
  from space 59392K, 32% used [0x00000000f8680000,0x00000000f9938530,0x00000000fc080000)
  to   space 56320K, 0% used [0x00000000fc680000,0x00000000fc680000,0x00000000ffd80000)
 ParOldGen       total 227840K, used 134776K [0x00000000d0000000, 0x00000000dde80000, 0x00000000f0000000)
  object space 227840K, 59% used [0x00000000d0000000,0x00000000d839e080,0x00000000dde80000)
 Metaspace       used 76560K, capacity 78768K, committed 78848K, reserved 1118208K
  class space    used 8734K, capacity 9455K, committed 9472K, reserved 1048576K
}
Event: 281.539 GC heap before
{Heap before GC invocations=36 (full 4):
 PSYoungGen      total 197120K, used 156897K [0x00000000f0000000, 0x00000000ffd80000, 0x0000000100000000)
  eden space 137728K, 100% used [0x00000000f0000000,0x00000000f8680000,0x00000000f8680000)
  from space 59392K, 32% used [0x00000000f8680000,0x00000000f9938530,0x00000000fc080000)
  to   space 56320K, 0% used [0x00000000fc680000,0x00000000fc680000,0x00000000ffd80000)
 ParOldGen       total 227840K, used 134776K [0x00000000d0000000, 0x00000000dde80000, 0x00000000f0000000)
  object space 227840K, 59% used [0x00000000d0000000,0x00000000d839e080,0x00000000dde80000)
 Metaspace       used 77112K, capacity 79344K, committed 79616K, reserved 1120256K
  class space    used 8765K, capacity 9455K, committed 9472K, reserved 1048576K
Event: 281.653 GC heap after
Heap after GC invocations=36 (full 4):
 PSYoungGen      total 196096K, used 19891K [0x00000000f0000000, 0x00000000ff700000, 0x0000000100000000)
  eden space 146432K, 0% used [0x00000000f0000000,0x00000000f0000000,0x00000000f8f00000)
  from space 49664K, 40% used [0x00000000fc680000,0x00000000fd9ece48,0x00000000ff700000)
  to   space 53248K, 0% used [0x00000000f8f00000,0x00000000f8f00000,0x00000000fc300000)
 ParOldGen       total 227840K, used 134784K [0x00000000d0000000, 0x00000000dde80000, 0x00000000f0000000)
  object space 227840K, 59% used [0x00000000d0000000,0x00000000d83a0080,0x00000000dde80000)
 Metaspace       used 77112K, capacity 79344K, committed 79616K, reserved 1120256K
  class space    used 8765K, capacity 9455K, committed 9472K, reserved 1048576K
}
Event: 389.054 GC heap before
{Heap before GC invocations=37 (full 4):
 PSYoungGen      total 196096K, used 166323K [0x00000000f0000000, 0x00000000ff700000, 0x0000000100000000)
  eden space 146432K, 100% used [0x00000000f0000000,0x00000000f8f00000,0x00000000f8f00000)
  from space 49664K, 40% used [0x00000000fc680000,0x00000000fd9ece48,0x00000000ff700000)
  to   space 53248K, 0% used [0x00000000f8f00000,0x00000000f8f00000,0x00000000fc300000)
 ParOldGen       total 227840K, used 134784K [0x00000000d0000000, 0x00000000dde80000, 0x00000000f0000000)
  object space 227840K, 59% used [0x00000000d0000000,0x00000000d83a0080,0x00000000dde80000)
 Metaspace       used 78646K, capacity 80952K, committed 81152K, reserved 1120256K
  class space    used 8902K, capacity 9629K, committed 9728K, reserved 1048576K
Event: 389.617 GC heap after
Heap after GC invocations=37 (full 4):
 PSYoungGen      total 199680K, used 23404K [0x00000000f0000000, 0x00000000ffe80000, 0x0000000100000000)
  eden space 146432K, 0% used [0x00000000f0000000,0x00000000f0000000,0x00000000f8f00000)
  from space 53248K, 43% used [0x00000000f8f00000,0x00000000fa5db148,0x00000000fc300000)
  to   space 50688K, 0% used [0x00000000fcd00000,0x00000000fcd00000,0x00000000ffe80000)
 ParOldGen       total 227840K, used 134784K [0x00000000d0000000, 0x00000000dde80000, 0x00000000f0000000)
  object space 227840K, 59% used [0x00000000d0000000,0x00000000d83a0080,0x00000000dde80000)
 Metaspace       used 78646K, capacity 80952K, committed 81152K, reserved 1120256K
  class space    used 8902K, capacity 9629K, committed 9728K, reserved 1048576K
}
Event: 400.260 GC heap before
{Heap before GC invocations=38 (full 4):
 PSYoungGen      total 199680K, used 166344K [0x00000000f0000000, 0x00000000ffe80000, 0x0000000100000000)
  eden space 146432K, 97% used [0x00000000f0000000,0x00000000f8b96ee0,0x00000000f8f00000)
  from space 53248K, 43% used [0x00000000f8f00000,0x00000000fa5db148,0x00000000fc300000)
  to   space 50688K, 0% used [0x00000000fcd00000,0x00000000fcd00000,0x00000000ffe80000)
 ParOldGen       total 227840K, used 134784K [0x00000000d0000000, 0x00000000dde80000, 0x00000000f0000000)
  object space 227840K, 59% used [0x00000000d0000000,0x00000000d83a0080,0x00000000dde80000)
 Metaspace       used 79416K, capacity 81772K, committed 81920K, reserved 1122304K
  class space    used 8957K, capacity 9668K, committed 9728K, reserved 1048576K
Event: 400.352 GC heap after
Heap after GC invocations=38 (full 4):
 PSYoungGen      total 201728K, used 21074K [0x00000000f0000000, 0x00000000ff800000, 0x0000000100000000)
  eden space 157696K, 0% used [0x00000000f0000000,0x00000000f0000000,0x00000000f9a00000)
  from space 44032K, 47% used [0x00000000fcd00000,0x00000000fe194bc0,0x00000000ff800000)
  to   space 48128K, 0% used [0x00000000f9a00000,0x00000000f9a00000,0x00000000fc900000)
 ParOldGen       total 227840K, used 134792K [0x00000000d0000000, 0x00000000dde80000, 0x00000000f0000000)
  object space 227840K, 59% used [0x00000000d0000000,0x00000000d83a2080,0x00000000dde80000)
 Metaspace       used 79416K, capacity 81772K, committed 81920K, reserved 1122304K
  class space    used 8957K, capacity 9668K, committed 9728K, reserved 1048576K
}

