# JRE version: Java(TM) SE Runtime Environment (8.0_25-b18) (build 1.8.0_25-b18)
# Java VM: Java HotSpot(TM) 64-Bit Server VM (25.25-b02 mixed mode windows-amd64 compressed oops)
Heap:
 PSYoungGen      total 123904K, used 45994K [0x00000000f0000000, 0x00000000f8c80000, 0x0000000100000000)
  eden space 104960K, 38% used [0x00000000f0000000,0x00000000f2721158,0x00000000f6680000)
  from space 18944K, 31% used [0x00000000f7880000,0x00000000f7e498a0,0x00000000f8b00000)
  to   space 18432K, 0% used [0x00000000f6680000,0x00000000f6680000,0x00000000f7880000)
 ParOldGen       total 185344K, used 165750K [0x00000000d0000000, 0x00000000db500000, 0x00000000f0000000)
  object space 185344K, 89% used [0x00000000d0000000,0x00000000da1dd910,0x00000000db500000)
 Metaspace       used 96979K, capacity 101000K, committed 101196K, reserved 1138688K
  class space    used 10359K, capacity 11543K, committed 11596K, reserved 1048576K
GC Heap History (10 events):
Event: 3208.203 GC heap before
{Heap before GC invocations=112 (full 4):
 PSYoungGen      total 118784K, used 118398K [0x00000000f0000000, 0x00000000f9680000, 0x0000000100000000)
  eden space 110080K, 100% used [0x00000000f0000000,0x00000000f6b80000,0x00000000f6b80000)
  from space 8704K, 95% used [0x00000000f6f00000,0x00000000f771fbd0,0x00000000f7780000)
  to   space 22016K, 0% used [0x00000000f8100000,0x00000000f8100000,0x00000000f9680000)
 ParOldGen       total 185344K, used 164462K [0x00000000d0000000, 0x00000000db500000, 0x00000000f0000000)
  object space 185344K, 88% used [0x00000000d0000000,0x00000000da09b850,0x00000000db500000)
 Metaspace       used 94754K, capacity 98350K, committed 98636K, reserved 1136640K
  class space    used 10163K, capacity 11242K, committed 11340K, reserved 1048576K
Event: 3208.219 GC heap after
Heap after GC invocations=112 (full 4):
 PSYoungGen      total 132608K, used 5038K [0x00000000f0000000, 0x00000000f9880000, 0x0000000100000000)
  eden space 110592K, 0% used [0x00000000f0000000,0x00000000f0000000,0x00000000f6c00000)
  from space 22016K, 22% used [0x00000000f8100000,0x00000000f85eb8d8,0x00000000f9680000)
  to   space 21504K, 0% used [0x00000000f6c00000,0x00000000f6c00000,0x00000000f8100000)
 ParOldGen       total 185344K, used 164822K [0x00000000d0000000, 0x00000000db500000, 0x00000000f0000000)
  object space 185344K, 88% used [0x00000000d0000000,0x00000000da0f5890,0x00000000db500000)
 Metaspace       used 94754K, capacity 98350K, committed 98636K, reserved 1136640K
  class space    used 10163K, capacity 11242K, committed 11340K, reserved 1048576K
}
Event: 3209.567 GC heap before
{Heap before GC invocations=113 (full 4):
 PSYoungGen      total 132608K, used 115630K [0x00000000f0000000, 0x00000000f9880000, 0x0000000100000000)
  eden space 110592K, 100% used [0x00000000f0000000,0x00000000f6c00000,0x00000000f6c00000)
  from space 22016K, 22% used [0x00000000f8100000,0x00000000f85eb8d8,0x00000000f9680000)
  to   space 21504K, 0% used [0x00000000f6c00000,0x00000000f6c00000,0x00000000f8100000)
 ParOldGen       total 185344K, used 164822K [0x00000000d0000000, 0x00000000db500000, 0x00000000f0000000)
  object space 185344K, 88% used [0x00000000d0000000,0x00000000da0f5890,0x00000000db500000)
 Metaspace       used 95439K, capacity 99074K, committed 99148K, reserved 1136640K
  class space    used 10204K, capacity 11310K, committed 11340K, reserved 1048576K
Event: 3209.579 GC heap after
Heap after GC invocations=113 (full 4):
 PSYoungGen      total 132096K, used 5922K [0x00000000f0000000, 0x00000000f9700000, 0x0000000100000000)
  eden space 110592K, 0% used [0x00000000f0000000,0x00000000f0000000,0x00000000f6c00000)
  from space 21504K, 27% used [0x00000000f6c00000,0x00000000f71c8be0,0x00000000f8100000)
  to   space 20480K, 0% used [0x00000000f8300000,0x00000000f8300000,0x00000000f9700000)
 ParOldGen       total 185344K, used 164822K [0x00000000d0000000, 0x00000000db500000, 0x00000000f0000000)
  object space 185344K, 88% used [0x00000000d0000000,0x00000000da0f5890,0x00000000db500000)
 Metaspace       used 95439K, capacity 99074K, committed 99148K, reserved 1136640K
  class space    used 10204K, capacity 11310K, committed 11340K, reserved 1048576K
}
Event: 3255.149 GC heap before
{Heap before GC invocations=114 (full 4):
 PSYoungGen      total 132096K, used 116514K [0x00000000f0000000, 0x00000000f9700000, 0x0000000100000000)
  eden space 110592K, 100% used [0x00000000f0000000,0x00000000f6c00000,0x00000000f6c00000)
  from space 21504K, 27% used [0x00000000f6c00000,0x00000000f71c8be0,0x00000000f8100000)
  to   space 20480K, 0% used [0x00000000f8300000,0x00000000f8300000,0x00000000f9700000)
 ParOldGen       total 185344K, used 164822K [0x00000000d0000000, 0x00000000db500000, 0x00000000f0000000)
  object space 185344K, 88% used [0x00000000d0000000,0x00000000da0f5890,0x00000000db500000)
 Metaspace       used 95647K, capacity 99290K, committed 99404K, reserved 1136640K
  class space    used 10214K, capacity 11316K, committed 11340K, reserved 1048576K
Event: 3255.197 GC heap after
Heap after GC invocations=114 (full 4):
 PSYoungGen      total 119808K, used 6874K [0x00000000f0000000, 0x00000000f8f00000, 0x0000000100000000)
  eden space 107520K, 0% used [0x00000000f0000000,0x00000000f0000000,0x00000000f6900000)
  from space 12288K, 55% used [0x00000000f8300000,0x00000000f89b6a50,0x00000000f8f00000)
  to   space 19456K, 0% used [0x00000000f6900000,0x00000000f6900000,0x00000000f7c00000)
 ParOldGen       total 185344K, used 165270K [0x00000000d0000000, 0x00000000db500000, 0x00000000f0000000)
  object space 185344K, 89% used [0x00000000d0000000,0x00000000da1658d0,0x00000000db500000)
 Metaspace       used 95647K, capacity 99290K, committed 99404K, reserved 1136640K
  class space    used 10214K, capacity 11316K, committed 11340K, reserved 1048576K
}
Event: 3255.988 GC heap before
{Heap before GC invocations=115 (full 4):
 PSYoungGen      total 119808K, used 114394K [0x00000000f0000000, 0x00000000f8f00000, 0x0000000100000000)
  eden space 107520K, 100% used [0x00000000f0000000,0x00000000f6900000,0x00000000f6900000)
  from space 12288K, 55% used [0x00000000f8300000,0x00000000f89b6a50,0x00000000f8f00000)
  to   space 19456K, 0% used [0x00000000f6900000,0x00000000f6900000,0x00000000f7c00000)
 ParOldGen       total 185344K, used 165270K [0x00000000d0000000, 0x00000000db500000, 0x00000000f0000000)
  object space 185344K, 89% used [0x00000000d0000000,0x00000000da1658d0,0x00000000db500000)
 Metaspace       used 95647K, capacity 99290K, committed 99404K, reserved 1136640K
  class space    used 10214K, capacity 11316K, committed 11340K, reserved 1048576K
Event: 3255.998 GC heap after
Heap after GC invocations=115 (full 4):
 PSYoungGen      total 110080K, used 5198K [0x00000000f0000000, 0x00000000f8b00000, 0x0000000100000000)
  eden space 104448K, 0% used [0x00000000f0000000,0x00000000f0000000,0x00000000f6600000)
  from space 5632K, 92% used [0x00000000f6900000,0x00000000f6e13988,0x00000000f6e80000)
  to   space 18944K, 0% used [0x00000000f7880000,0x00000000f7880000,0x00000000f8b00000)
 ParOldGen       total 185344K, used 165278K [0x00000000d0000000, 0x00000000db500000, 0x00000000f0000000)
  object space 185344K, 89% used [0x00000000d0000000,0x00000000da1678d0,0x00000000db500000)
 Metaspace       used 95647K, capacity 99290K, committed 99404K, reserved 1136640K
  class space    used 10214K, capacity 11316K, committed 11340K, reserved 1048576K
}
Event: 3257.036 GC heap before
{Heap before GC invocations=116 (full 4):
 PSYoungGen      total 110080K, used 109646K [0x00000000f0000000, 0x00000000f8b00000, 0x0000000100000000)
  eden space 104448K, 100% used [0x00000000f0000000,0x00000000f6600000,0x00000000f6600000)
  from space 5632K, 92% used [0x00000000f6900000,0x00000000f6e13988,0x00000000f6e80000)
  to   space 18944K, 0% used [0x00000000f7880000,0x00000000f7880000,0x00000000f8b00000)
 ParOldGen       total 185344K, used 165278K [0x00000000d0000000, 0x00000000db500000, 0x00000000f0000000)
  object space 185344K, 89% used [0x00000000d0000000,0x00000000da1678d0,0x00000000db500000)
 Metaspace       used 95958K, capacity 99584K, committed 99788K, reserved 1138688K
  class space    used 10235K, capacity 11350K, committed 11468K, reserved 1048576K
Event: 3257.049 GC heap after
Heap after GC invocations=116 (full 4):
 PSYoungGen      total 123904K, used 5926K [0x00000000f0000000, 0x00000000f8c80000, 0x0000000100000000)
  eden space 104960K, 0% used [0x00000000f0000000,0x00000000f0000000,0x00000000f6680000)
  from space 18944K, 31% used [0x00000000f7880000,0x00000000f7e498a0,0x00000000f8b00000)
  to   space 18432K, 0% used [0x00000000f6680000,0x00000000f6680000,0x00000000f7880000)
 ParOldGen       total 185344K, used 165750K [0x00000000d0000000, 0x00000000db500000, 0x00000000f0000000)
  object space 185344K, 89% used [0x00000000d0000000,0x00000000da1dd910,0x00000000db500000)
 Metaspace       used 95958K, capacity 99584K, committed 99788K, reserved 1138688K
  class space    used 10235K, capacity 11350K, committed 11468K, reserved 1048576K
}

