# JRE version: Java(TM) SE Runtime Environment (8.0_25-b18) (build 1.8.0_25-b18)
# Java VM: Java HotSpot(TM) 64-Bit Server VM (25.25-b02 mixed mode windows-amd64 compressed oops)
Heap:
 PSYoungGen      total 226816K, used 129166K [0x00000000f0000000, 0x0000000100000000, 0x0000000100000000)
  eden space 192512K, 61% used [0x00000000f0000000,0x00000000f7327a20,0x00000000fbc00000)
  from space 34304K, 32% used [0x00000000fde80000,0x00000000fe97bf58,0x0000000100000000)
  to   space 34816K, 0% used [0x00000000fbc00000,0x00000000fbc00000,0x00000000fde00000)
 ParOldGen       total 183808K, used 137255K [0x00000000d0000000, 0x00000000db380000, 0x00000000f0000000)
  object space 183808K, 74% used [0x00000000d0000000,0x00000000d8609fa0,0x00000000db380000)
 Metaspace       used 84844K, capacity 87972K, committed 88268K, reserved 1126400K
  class space    used 9442K, capacity 10338K, committed 10444K, reserved 1048576K
GC Heap History (10 events):
Event: 564.389 GC heap before
{Heap before GC invocations=68 (full 4):
 PSYoungGen      total 222208K, used 206863K [0x00000000f0000000, 0x0000000100000000, 0x0000000100000000)
  eden space 185344K, 100% used [0x00000000f0000000,0x00000000fb500000,0x00000000fb500000)
  from space 36864K, 58% used [0x00000000fb500000,0x00000000fca03dc8,0x00000000fd900000)
  to   space 35840K, 0% used [0x00000000fdd00000,0x00000000fdd00000,0x0000000100000000)
 ParOldGen       total 183808K, used 125558K [0x00000000d0000000, 0x00000000db380000, 0x00000000f0000000)
  object space 183808K, 68% used [0x00000000d0000000,0x00000000d7a9da00,0x00000000db380000)
 Metaspace       used 82806K, capacity 85552K, committed 85708K, reserved 1124352K
  class space    used 9274K, capacity 10111K, committed 10188K, reserved 1048576K
Event: 564.457 GC heap after
Heap after GC invocations=68 (full 4):
 PSYoungGen      total 222208K, used 19762K [0x00000000f0000000, 0x00000000ffd00000, 0x0000000100000000)
  eden space 189440K, 0% used [0x00000000f0000000,0x00000000f0000000,0x00000000fb900000)
  from space 32768K, 60% used [0x00000000fdd00000,0x00000000ff04c9e0,0x00000000ffd00000)
  to   space 34816K, 0% used [0x00000000fb900000,0x00000000fb900000,0x00000000fdb00000)
 ParOldGen       total 183808K, used 128497K [0x00000000d0000000, 0x00000000db380000, 0x00000000f0000000)
  object space 183808K, 69% used [0x00000000d0000000,0x00000000d7d7c4d0,0x00000000db380000)
 Metaspace       used 82806K, capacity 85552K, committed 85708K, reserved 1124352K
  class space    used 9274K, capacity 10111K, committed 10188K, reserved 1048576K
}
Event: 567.981 GC heap before
{Heap before GC invocations=69 (full 4):
 PSYoungGen      total 222208K, used 209202K [0x00000000f0000000, 0x00000000ffd00000, 0x0000000100000000)
  eden space 189440K, 100% used [0x00000000f0000000,0x00000000fb900000,0x00000000fb900000)
  from space 32768K, 60% used [0x00000000fdd00000,0x00000000ff04c9e0,0x00000000ffd00000)
  to   space 34816K, 0% used [0x00000000fb900000,0x00000000fb900000,0x00000000fdb00000)
 ParOldGen       total 183808K, used 128497K [0x00000000d0000000, 0x00000000db380000, 0x00000000f0000000)
  object space 183808K, 69% used [0x00000000d0000000,0x00000000d7d7c4d0,0x00000000db380000)
 Metaspace       used 83039K, capacity 85744K, committed 85964K, reserved 1124352K
  class space    used 9286K, capacity 10111K, committed 10188K, reserved 1048576K
Event: 568.007 GC heap after
Heap after GC invocations=69 (full 4):
 PSYoungGen      total 224256K, used 15650K [0x00000000f0000000, 0x0000000100000000, 0x0000000100000000)
  eden space 189440K, 0% used [0x00000000f0000000,0x00000000f0000000,0x00000000fb900000)
  from space 34816K, 44% used [0x00000000fb900000,0x00000000fc848860,0x00000000fdb00000)
  to   space 34816K, 0% used [0x00000000fde00000,0x00000000fde00000,0x0000000100000000)
 ParOldGen       total 183808K, used 131111K [0x00000000d0000000, 0x00000000db380000, 0x00000000f0000000)
  object space 183808K, 71% used [0x00000000d0000000,0x00000000d8009d30,0x00000000db380000)
 Metaspace       used 83039K, capacity 85744K, committed 85964K, reserved 1124352K
  class space    used 9286K, capacity 10111K, committed 10188K, reserved 1048576K
}
Event: 596.405 GC heap before
{Heap before GC invocations=70 (full 4):
 PSYoungGen      total 224256K, used 205090K [0x00000000f0000000, 0x0000000100000000, 0x0000000100000000)
  eden space 189440K, 100% used [0x00000000f0000000,0x00000000fb900000,0x00000000fb900000)
  from space 34816K, 44% used [0x00000000fb900000,0x00000000fc848860,0x00000000fdb00000)
  to   space 34816K, 0% used [0x00000000fde00000,0x00000000fde00000,0x0000000100000000)
 ParOldGen       total 183808K, used 131111K [0x00000000d0000000, 0x00000000db380000, 0x00000000f0000000)
  object space 183808K, 71% used [0x00000000d0000000,0x00000000d8009d30,0x00000000db380000)
 Metaspace       used 83388K, capacity 86118K, committed 86476K, reserved 1126400K
  class space    used 9302K, capacity 10120K, committed 10188K, reserved 1048576K
Event: 596.436 GC heap after
Heap after GC invocations=70 (full 4):
 PSYoungGen      total 226304K, used 16314K [0x00000000f0000000, 0x00000000fff00000, 0x0000000100000000)
  eden space 192512K, 0% used [0x00000000f0000000,0x00000000f0000000,0x00000000fbc00000)
  from space 33792K, 48% used [0x00000000fde00000,0x00000000fedeeba0,0x00000000fff00000)
  to   space 34304K, 0% used [0x00000000fbc00000,0x00000000fbc00000,0x00000000fdd80000)
 ParOldGen       total 183808K, used 133709K [0x00000000d0000000, 0x00000000db380000, 0x00000000f0000000)
  object space 183808K, 72% used [0x00000000d0000000,0x00000000d8293518,0x00000000db380000)
 Metaspace       used 83388K, capacity 86118K, committed 86476K, reserved 1126400K
  class space    used 9302K, capacity 10120K, committed 10188K, reserved 1048576K
}
Event: 620.281 GC heap before
{Heap before GC invocations=71 (full 4):
 PSYoungGen      total 226304K, used 208826K [0x00000000f0000000, 0x00000000fff00000, 0x0000000100000000)
  eden space 192512K, 100% used [0x00000000f0000000,0x00000000fbc00000,0x00000000fbc00000)
  from space 33792K, 48% used [0x00000000fde00000,0x00000000fedeeba0,0x00000000fff00000)
  to   space 34304K, 0% used [0x00000000fbc00000,0x00000000fbc00000,0x00000000fdd80000)
 ParOldGen       total 183808K, used 133709K [0x00000000d0000000, 0x00000000db380000, 0x00000000f0000000)
  object space 183808K, 72% used [0x00000000d0000000,0x00000000d8293518,0x00000000db380000)
 Metaspace       used 83779K, capacity 86584K, committed 86732K, reserved 1126400K
  class space    used 9329K, capacity 10171K, committed 10188K, reserved 1048576K
Event: 620.338 GC heap after
Heap after GC invocations=71 (full 4):
 PSYoungGen      total 226816K, used 13530K [0x00000000f0000000, 0x0000000100000000, 0x0000000100000000)
  eden space 192512K, 0% used [0x00000000f0000000,0x00000000f0000000,0x00000000fbc00000)
  from space 34304K, 39% used [0x00000000fbc00000,0x00000000fc9368e8,0x00000000fdd80000)
  to   space 34304K, 0% used [0x00000000fde80000,0x00000000fde80000,0x0000000100000000)
 ParOldGen       total 183808K, used 134875K [0x00000000d0000000, 0x00000000db380000, 0x00000000f0000000)
  object space 183808K, 73% used [0x00000000d0000000,0x00000000d83b6c78,0x00000000db380000)
 Metaspace       used 83779K, capacity 86584K, committed 86732K, reserved 1126400K
  class space    used 9329K, capacity 10171K, committed 10188K, reserved 1048576K
}
Event: 622.519 GC heap before
{Heap before GC invocations=72 (full 4):
 PSYoungGen      total 226816K, used 206042K [0x00000000f0000000, 0x0000000100000000, 0x0000000100000000)
  eden space 192512K, 100% used [0x00000000f0000000,0x00000000fbc00000,0x00000000fbc00000)
  from space 34304K, 39% used [0x00000000fbc00000,0x00000000fc9368e8,0x00000000fdd80000)
  to   space 34304K, 0% used [0x00000000fde80000,0x00000000fde80000,0x0000000100000000)
 ParOldGen       total 183808K, used 134875K [0x00000000d0000000, 0x00000000db380000, 0x00000000f0000000)
  object space 183808K, 73% used [0x00000000d0000000,0x00000000d83b6c78,0x00000000db380000)
 Metaspace       used 83859K, capacity 86660K, committed 86732K, reserved 1126400K
  class space    used 9335K, capacity 10173K, committed 10188K, reserved 1048576K
Event: 622.540 GC heap after
Heap after GC invocations=72 (full 4):
 PSYoungGen      total 226816K, used 11247K [0x00000000f0000000, 0x0000000100000000, 0x0000000100000000)
  eden space 192512K, 0% used [0x00000000f0000000,0x00000000f0000000,0x00000000fbc00000)
  from space 34304K, 32% used [0x00000000fde80000,0x00000000fe97bf58,0x0000000100000000)
  to   space 34816K, 0% used [0x00000000fbc00000,0x00000000fbc00000,0x00000000fde00000)
 ParOldGen       total 183808K, used 137255K [0x00000000d0000000, 0x00000000db380000, 0x00000000f0000000)
  object space 183808K, 74% used [0x00000000d0000000,0x00000000d8609fa0,0x00000000db380000)
 Metaspace       used 83859K, capacity 86660K, committed 86732K, reserved 1126400K
  class space    used 9335K, capacity 10173K, committed 10188K, reserved 1048576K
}

