# JRE version: Java(TM) SE Runtime Environment (8.0_25-b18) (build 1.8.0_25-b18)
# Java VM: Java HotSpot(TM) 64-Bit Server VM (25.25-b02 mixed mode windows-amd64 compressed oops)
Heap:
 PSYoungGen      total 237056K, used 129084K [0x00000000f0000000, 0x0000000100000000, 0x0000000100000000)
  eden space 214016K, 56% used [0x00000000f0000000,0x00000000f76ff390,0x00000000fd100000)
  from space 23040K, 31% used [0x00000000fd100000,0x00000000fd80fd20,0x00000000fe780000)
  to   space 23040K, 0% used [0x00000000fe980000,0x00000000fe980000,0x0000000100000000)
 ParOldGen       total 214016K, used 149736K [0x00000000d0000000, 0x00000000dd100000, 0x00000000f0000000)
  object space 214016K, 69% used [0x00000000d0000000,0x00000000d923a098,0x00000000dd100000)
 Metaspace       used 93025K, capacity 96852K, committed 97152K, reserved 1134592K
  class space    used 9974K, capacity 11070K, committed 11136K, reserved 1048576K
GC Heap History (10 events):
Event: 898.572 GC heap before
{Heap before GC invocations=81 (full 4):
 PSYoungGen      total 236032K, used 223117K [0x00000000f0000000, 0x00000000ffe00000, 0x0000000100000000)
  eden space 211968K, 100% used [0x00000000f0000000,0x00000000fcf00000,0x00000000fcf00000)
  from space 24064K, 46% used [0x00000000fe680000,0x00000000ff1637c0,0x00000000ffe00000)
  to   space 24064K, 0% used [0x00000000fcf00000,0x00000000fcf00000,0x00000000fe680000)
 ParOldGen       total 214016K, used 143347K [0x00000000d0000000, 0x00000000dd100000, 0x00000000f0000000)
  object space 214016K, 66% used [0x00000000d0000000,0x00000000d8bfcd28,0x00000000dd100000)
 Metaspace       used 90169K, capacity 93566K, committed 93824K, reserved 1132544K
  class space    used 9766K, capacity 10795K, committed 10880K, reserved 1048576K
Event: 898.593 GC heap after
Heap after GC invocations=81 (full 4):
 PSYoungGen      total 236032K, used 9728K [0x00000000f0000000, 0x0000000100000000, 0x0000000100000000)
  eden space 211968K, 0% used [0x00000000f0000000,0x00000000f0000000,0x00000000fcf00000)
  from space 24064K, 40% used [0x00000000fcf00000,0x00000000fd880398,0x00000000fe680000)
  to   space 24064K, 0% used [0x00000000fe880000,0x00000000fe880000,0x0000000100000000)
 ParOldGen       total 214016K, used 148472K [0x00000000d0000000, 0x00000000dd100000, 0x00000000f0000000)
  object space 214016K, 69% used [0x00000000d0000000,0x00000000d90fe008,0x00000000dd100000)
 Metaspace       used 90169K, capacity 93566K, committed 93824K, reserved 1132544K
  class space    used 9766K, capacity 10795K, committed 10880K, reserved 1048576K
}
Event: 963.195 GC heap before
{Heap before GC invocations=82 (full 4):
 PSYoungGen      total 236032K, used 221696K [0x00000000f0000000, 0x0000000100000000, 0x0000000100000000)
  eden space 211968K, 100% used [0x00000000f0000000,0x00000000fcf00000,0x00000000fcf00000)
  from space 24064K, 40% used [0x00000000fcf00000,0x00000000fd880398,0x00000000fe680000)
  to   space 24064K, 0% used [0x00000000fe880000,0x00000000fe880000,0x0000000100000000)
 ParOldGen       total 214016K, used 148472K [0x00000000d0000000, 0x00000000dd100000, 0x00000000f0000000)
  object space 214016K, 69% used [0x00000000d0000000,0x00000000d90fe008,0x00000000dd100000)
 Metaspace       used 90734K, capacity 94150K, committed 94336K, reserved 1132544K
  class space    used 9800K, capacity 10834K, committed 10880K, reserved 1048576K
Event: 963.216 GC heap after
Heap after GC invocations=82 (full 4):
 PSYoungGen      total 238080K, used 7800K [0x00000000f0000000, 0x0000000100000000, 0x0000000100000000)
  eden space 214016K, 0% used [0x00000000f0000000,0x00000000f0000000,0x00000000fd100000)
  from space 24064K, 32% used [0x00000000fe880000,0x00000000ff01e140,0x0000000100000000)
  to   space 24064K, 0% used [0x00000000fd100000,0x00000000fd100000,0x00000000fe880000)
 ParOldGen       total 214016K, used 148736K [0x00000000d0000000, 0x00000000dd100000, 0x00000000f0000000)
  object space 214016K, 69% used [0x00000000d0000000,0x00000000d9140048,0x00000000dd100000)
 Metaspace       used 90734K, capacity 94150K, committed 94336K, reserved 1132544K
  class space    used 9800K, capacity 10834K, committed 10880K, reserved 1048576K
}
Event: 965.723 GC heap before
{Heap before GC invocations=83 (full 4):
 PSYoungGen      total 238080K, used 221816K [0x00000000f0000000, 0x0000000100000000, 0x0000000100000000)
  eden space 214016K, 100% used [0x00000000f0000000,0x00000000fd100000,0x00000000fd100000)
  from space 24064K, 32% used [0x00000000fe880000,0x00000000ff01e140,0x0000000100000000)
  to   space 24064K, 0% used [0x00000000fd100000,0x00000000fd100000,0x00000000fe880000)
 ParOldGen       total 214016K, used 148736K [0x00000000d0000000, 0x00000000dd100000, 0x00000000f0000000)
  object space 214016K, 69% used [0x00000000d0000000,0x00000000d9140048,0x00000000dd100000)
 Metaspace       used 90736K, capacity 94150K, committed 94336K, reserved 1132544K
  class space    used 9800K, capacity 10834K, committed 10880K, reserved 1048576K
Event: 965.746 GC heap after
Heap after GC invocations=83 (full 4):
 PSYoungGen      total 238080K, used 8361K [0x00000000f0000000, 0x0000000100000000, 0x0000000100000000)
  eden space 214016K, 0% used [0x00000000f0000000,0x00000000f0000000,0x00000000fd100000)
  from space 24064K, 34% used [0x00000000fd100000,0x00000000fd92a5b8,0x00000000fe880000)
  to   space 24064K, 0% used [0x00000000fe880000,0x00000000fe880000,0x0000000100000000)
 ParOldGen       total 214016K, used 149112K [0x00000000d0000000, 0x00000000dd100000, 0x00000000f0000000)
  object space 214016K, 69% used [0x00000000d0000000,0x00000000d919e058,0x00000000dd100000)
 Metaspace       used 90736K, capacity 94150K, committed 94336K, reserved 1132544K
  class space    used 9800K, capacity 10834K, committed 10880K, reserved 1048576K
}
Event: 994.302 GC heap before
{Heap before GC invocations=84 (full 4):
 PSYoungGen      total 238080K, used 222377K [0x00000000f0000000, 0x0000000100000000, 0x0000000100000000)
  eden space 214016K, 100% used [0x00000000f0000000,0x00000000fd100000,0x00000000fd100000)
  from space 24064K, 34% used [0x00000000fd100000,0x00000000fd92a5b8,0x00000000fe880000)
  to   space 24064K, 0% used [0x00000000fe880000,0x00000000fe880000,0x0000000100000000)
 ParOldGen       total 214016K, used 149112K [0x00000000d0000000, 0x00000000dd100000, 0x00000000f0000000)
  object space 214016K, 69% used [0x00000000d0000000,0x00000000d919e058,0x00000000dd100000)
 Metaspace       used 91243K, capacity 94598K, committed 94848K, reserved 1132544K
  class space    used 9827K, capacity 10834K, committed 10880K, reserved 1048576K
Event: 994.327 GC heap after
Heap after GC invocations=84 (full 4):
 PSYoungGen      total 236032K, used 10219K [0x00000000f0000000, 0x00000000ffe00000, 0x0000000100000000)
  eden space 214016K, 0% used [0x00000000f0000000,0x00000000f0000000,0x00000000fd100000)
  from space 22016K, 46% used [0x00000000fe880000,0x00000000ff27ad20,0x00000000ffe00000)
  to   space 23040K, 0% used [0x00000000fd100000,0x00000000fd100000,0x00000000fe780000)
 ParOldGen       total 214016K, used 149344K [0x00000000d0000000, 0x00000000dd100000, 0x00000000f0000000)
  object space 214016K, 69% used [0x00000000d0000000,0x00000000d91d8098,0x00000000dd100000)
 Metaspace       used 91243K, capacity 94598K, committed 94848K, reserved 1132544K
  class space    used 9827K, capacity 10834K, committed 10880K, reserved 1048576K
}
Event: 996.056 GC heap before
{Heap before GC invocations=85 (full 4):
 PSYoungGen      total 236032K, used 224235K [0x00000000f0000000, 0x00000000ffe00000, 0x0000000100000000)
  eden space 214016K, 100% used [0x00000000f0000000,0x00000000fd100000,0x00000000fd100000)
  from space 22016K, 46% used [0x00000000fe880000,0x00000000ff27ad20,0x00000000ffe00000)
  to   space 23040K, 0% used [0x00000000fd100000,0x00000000fd100000,0x00000000fe780000)
 ParOldGen       total 214016K, used 149344K [0x00000000d0000000, 0x00000000dd100000, 0x00000000f0000000)
  object space 214016K, 69% used [0x00000000d0000000,0x00000000d91d8098,0x00000000dd100000)
 Metaspace       used 91672K, capacity 95090K, committed 95232K, reserved 1134592K
  class space    used 9856K, capacity 10921K, committed 11008K, reserved 1048576K
Event: 996.070 GC heap after
Heap after GC invocations=85 (full 4):
 PSYoungGen      total 237056K, used 7231K [0x00000000f0000000, 0x0000000100000000, 0x0000000100000000)
  eden space 214016K, 0% used [0x00000000f0000000,0x00000000f0000000,0x00000000fd100000)
  from space 23040K, 31% used [0x00000000fd100000,0x00000000fd80fd20,0x00000000fe780000)
  to   space 23040K, 0% used [0x00000000fe980000,0x00000000fe980000,0x0000000100000000)
 ParOldGen       total 214016K, used 149736K [0x00000000d0000000, 0x00000000dd100000, 0x00000000f0000000)
  object space 214016K, 69% used [0x00000000d0000000,0x00000000d923a098,0x00000000dd100000)
 Metaspace       used 91672K, capacity 95090K, committed 95232K, reserved 1134592K
  class space    used 9856K, capacity 10921K, committed 11008K, reserved 1048576K
}

