# JRE version: Java(TM) SE Runtime Environment (8.0_25-b18) (build 1.8.0_25-b18)
# Java VM: Java HotSpot(TM) 64-Bit Server VM (25.25-b02 mixed mode windows-amd64 compressed oops)
Heap:
 PSYoungGen      total 191488K, used 111473K [0x00000000f0000000, 0x00000000ffc00000, 0x0000000100000000)
  eden space 158720K, 49% used [0x00000000f0000000,0x00000000f4d30f30,0x00000000f9b00000)
  from space 32768K, 98% used [0x00000000f9f00000,0x00000000fbeab560,0x00000000fbf00000)
  to   space 49664K, 0% used [0x00000000fcb80000,0x00000000fcb80000,0x00000000ffc00000)
 ParOldGen       total 250368K, used 119165K [0x00000000d0000000, 0x00000000df480000, 0x00000000f0000000)
  object space 250368K, 47% used [0x00000000d0000000,0x00000000d745f468,0x00000000df480000)
 Metaspace       used 87172K, capacity 91160K, committed 91520K, reserved 1130496K
  class space    used 9824K, capacity 11030K, committed 11136K, reserved 1048576K
GC Heap History (10 events):
Event: 3927.848 GC heap before
{Heap before GC invocations=75 (full 6):
 PSYoungGen      total 216064K, used 200321K [0x00000000f0000000, 0x00000000fff00000, 0x0000000100000000)
  eden space 173056K, 100% used [0x00000000f0000000,0x00000000fa900000,0x00000000fa900000)
  from space 43008K, 63% used [0x00000000fd480000,0x00000000fef20450,0x00000000ffe80000)
  to   space 44032K, 0% used [0x00000000fa900000,0x00000000fa900000,0x00000000fd400000)
 ParOldGen       total 250368K, used 117135K [0x00000000d0000000, 0x00000000df480000, 0x00000000f0000000)
  object space 250368K, 46% used [0x00000000d0000000,0x00000000d7263c98,0x00000000df480000)
 Metaspace       used 83502K, capacity 86604K, committed 86784K, reserved 1126400K
  class space    used 9487K, capacity 10468K, committed 10496K, reserved 1048576K
Event: 3928.028 GC heap after
Heap after GC invocations=75 (full 6):
 PSYoungGen      total 197632K, used 28833K [0x00000000f0000000, 0x00000000ffd80000, 0x0000000100000000)
  eden space 168448K, 0% used [0x00000000f0000000,0x00000000f0000000,0x00000000fa480000)
  from space 29184K, 98% used [0x00000000fa900000,0x00000000fc528538,0x00000000fc580000)
  to   space 45568K, 0% used [0x00000000fd100000,0x00000000fd100000,0x00000000ffd80000)
 ParOldGen       total 250368K, used 117367K [0x00000000d0000000, 0x00000000df480000, 0x00000000f0000000)
  object space 250368K, 46% used [0x00000000d0000000,0x00000000d729dc98,0x00000000df480000)
 Metaspace       used 83502K, capacity 86604K, committed 86784K, reserved 1126400K
  class space    used 9487K, capacity 10468K, committed 10496K, reserved 1048576K
}
Event: 3932.423 GC heap before
{Heap before GC invocations=76 (full 6):
 PSYoungGen      total 197632K, used 197281K [0x00000000f0000000, 0x00000000ffd80000, 0x0000000100000000)
  eden space 168448K, 100% used [0x00000000f0000000,0x00000000fa480000,0x00000000fa480000)
  from space 29184K, 98% used [0x00000000fa900000,0x00000000fc528538,0x00000000fc580000)
  to   space 45568K, 0% used [0x00000000fd100000,0x00000000fd100000,0x00000000ffd80000)
 ParOldGen       total 250368K, used 117367K [0x00000000d0000000, 0x00000000df480000, 0x00000000f0000000)
  object space 250368K, 46% used [0x00000000d0000000,0x00000000d729dc98,0x00000000df480000)
 Metaspace       used 83991K, capacity 87130K, committed 87424K, reserved 1126400K
  class space    used 9519K, capacity 10513K, committed 10624K, reserved 1048576K
Event: 3932.543 GC heap after
Heap after GC invocations=76 (full 6):
 PSYoungGen      total 212992K, used 30455K [0x00000000f0000000, 0x0000000100000000, 0x0000000100000000)
  eden space 167424K, 0% used [0x00000000f0000000,0x00000000f0000000,0x00000000fa380000)
  from space 45568K, 66% used [0x00000000fd100000,0x00000000feebddd0,0x00000000ffd80000)
  to   space 46592K, 0% used [0x00000000fa380000,0x00000000fa380000,0x00000000fd100000)
 ParOldGen       total 250368K, used 117399K [0x00000000d0000000, 0x00000000df480000, 0x00000000f0000000)
  object space 250368K, 46% used [0x00000000d0000000,0x00000000d72a5c98,0x00000000df480000)
 Metaspace       used 83991K, capacity 87130K, committed 87424K, reserved 1126400K
  class space    used 9519K, capacity 10513K, committed 10624K, reserved 1048576K
}
Event: 3957.094 GC heap before
{Heap before GC invocations=77 (full 6):
 PSYoungGen      total 212992K, used 197879K [0x00000000f0000000, 0x0000000100000000, 0x0000000100000000)
  eden space 167424K, 100% used [0x00000000f0000000,0x00000000fa380000,0x00000000fa380000)
  from space 45568K, 66% used [0x00000000fd100000,0x00000000feebddd0,0x00000000ffd80000)
  to   space 46592K, 0% used [0x00000000fa380000,0x00000000fa380000,0x00000000fd100000)
 ParOldGen       total 250368K, used 117399K [0x00000000d0000000, 0x00000000df480000, 0x00000000f0000000)
  object space 250368K, 46% used [0x00000000d0000000,0x00000000d72a5c98,0x00000000df480000)
 Metaspace       used 84780K, capacity 88004K, committed 88192K, reserved 1126400K
  class space    used 9572K, capacity 10571K, committed 10624K, reserved 1048576K
Event: 3957.155 GC heap after
Heap after GC invocations=77 (full 6):
 PSYoungGen      total 200192K, used 32327K [0x00000000f0000000, 0x0000000100000000, 0x0000000100000000)
  eden space 167424K, 0% used [0x00000000f0000000,0x00000000f0000000,0x00000000fa380000)
  from space 32768K, 98% used [0x00000000fa380000,0x00000000fc311c20,0x00000000fc380000)
  to   space 48640K, 0% used [0x00000000fd080000,0x00000000fd080000,0x0000000100000000)
 ParOldGen       total 250368K, used 117423K [0x00000000d0000000, 0x00000000df480000, 0x00000000f0000000)
  object space 250368K, 46% used [0x00000000d0000000,0x00000000d72abc98,0x00000000df480000)
 Metaspace       used 84780K, capacity 88004K, committed 88192K, reserved 1126400K
  class space    used 9572K, capacity 10571K, committed 10624K, reserved 1048576K
}
Event: 4030.359 GC heap before
{Heap before GC invocations=78 (full 6):
 PSYoungGen      total 200192K, used 199751K [0x00000000f0000000, 0x0000000100000000, 0x0000000100000000)
  eden space 167424K, 100% used [0x00000000f0000000,0x00000000fa380000,0x00000000fa380000)
  from space 32768K, 98% used [0x00000000fa380000,0x00000000fc311c20,0x00000000fc380000)
  to   space 48640K, 0% used [0x00000000fd080000,0x00000000fd080000,0x0000000100000000)
 ParOldGen       total 250368K, used 117423K [0x00000000d0000000, 0x00000000df480000, 0x00000000f0000000)
  object space 250368K, 46% used [0x00000000d0000000,0x00000000d72abc98,0x00000000df480000)
 Metaspace       used 85466K, capacity 88762K, committed 89088K, reserved 1128448K
  class space    used 9619K, capacity 10637K, committed 10752K, reserved 1048576K
Event: 4030.401 GC heap after
Heap after GC invocations=78 (full 6):
 PSYoungGen      total 209408K, used 30362K [0x00000000f0000000, 0x00000000ffe00000, 0x0000000100000000)
  eden space 162816K, 0% used [0x00000000f0000000,0x00000000f0000000,0x00000000f9f00000)
  from space 46592K, 65% used [0x00000000fd080000,0x00000000fee26828,0x00000000ffe00000)
  to   space 48640K, 0% used [0x00000000f9f00000,0x00000000f9f00000,0x00000000fce80000)
 ParOldGen       total 250368K, used 117751K [0x00000000d0000000, 0x00000000df480000, 0x00000000f0000000)
  object space 250368K, 47% used [0x00000000d0000000,0x00000000d72fdd58,0x00000000df480000)
 Metaspace       used 85466K, capacity 88762K, committed 89088K, reserved 1128448K
  class space    used 9619K, capacity 10637K, committed 10752K, reserved 1048576K
}
Event: 5781.823 GC heap before
{Heap before GC invocations=79 (full 6):
 PSYoungGen      total 209408K, used 193178K [0x00000000f0000000, 0x00000000ffe00000, 0x0000000100000000)
  eden space 162816K, 100% used [0x00000000f0000000,0x00000000f9f00000,0x00000000f9f00000)
  from space 46592K, 65% used [0x00000000fd080000,0x00000000fee26828,0x00000000ffe00000)
  to   space 48640K, 0% used [0x00000000f9f00000,0x00000000f9f00000,0x00000000fce80000)
 ParOldGen       total 250368K, used 117751K [0x00000000d0000000, 0x00000000df480000, 0x00000000f0000000)
  object space 250368K, 47% used [0x00000000d0000000,0x00000000d72fdd58,0x00000000df480000)
 Metaspace       used 86103K, capacity 89516K, committed 89600K, reserved 1128448K
  class space    used 9677K, capacity 10746K, committed 10752K, reserved 1048576K
Event: 5781.950 GC heap after
Heap after GC invocations=79 (full 6):
 PSYoungGen      total 191488K, used 32429K [0x00000000f0000000, 0x00000000ffc00000, 0x0000000100000000)
  eden space 158720K, 0% used [0x00000000f0000000,0x00000000f0000000,0x00000000f9b00000)
  from space 32768K, 98% used [0x00000000f9f00000,0x00000000fbeab560,0x00000000fbf00000)
  to   space 49664K, 0% used [0x00000000fcb80000,0x00000000fcb80000,0x00000000ffc00000)
 ParOldGen       total 250368K, used 119165K [0x00000000d0000000, 0x00000000df480000, 0x00000000f0000000)
  object space 250368K, 47% used [0x00000000d0000000,0x00000000d745f468,0x00000000df480000)
 Metaspace       used 86103K, capacity 89516K, committed 89600K, reserved 1128448K
  class space    used 9677K, capacity 10746K, committed 10752K, reserved 1048576K
}

